2025/05/11 21:19:34 - mmengine - INFO - 
------------------------------------------------------------
System environment:
    sys.platform: linux
    Python: 3.11.11 (main, Dec 11 2024, 16:28:39) [GCC 11.2.0]
    CUDA available: True
    MUSA available: False
    numpy_random_seed: 512734156
    GPU 0: NVIDIA GeForce RTX 4090
    CUDA_HOME: /usr
    NVCC: Cuda compilation tools, release 12.0, V12.0.140
    GCC: gcc (Ubuntu 13.3.0-6ubuntu2~24.04) 13.3.0
    PyTorch: 2.4.1+cu121
    PyTorch compiling details: PyTorch built with:
  - GCC 9.3
  - C++ Version: 201703
  - Intel(R) oneAPI Math Kernel Library Version 2022.2-Product Build 20220804 for Intel(R) 64 architecture applications
  - Intel(R) MKL-DNN v3.4.2 (Git Hash 1137e04ec0b5251ca2b4400a4fd3c667ce843d67)
  - OpenMP 201511 (a.k.a. OpenMP 4.5)
  - LAPACK is enabled (usually provided by MKL)
  - NNPACK is enabled
  - CPU capability usage: AVX512
  - CUDA Runtime 12.1
  - NVCC architecture flags: -gencode;arch=compute_50,code=sm_50;-gencode;arch=compute_60,code=sm_60;-gencode;arch=compute_70,code=sm_70;-gencode;arch=compute_75,code=sm_75;-gencode;arch=compute_80,code=sm_80;-gencode;arch=compute_86,code=sm_86;-gencode;arch=compute_90,code=sm_90
  - CuDNN 90.1  (built against CUDA 12.4)
  - Magma 2.6.1
  - Build settings: BLAS_INFO=mkl, BUILD_TYPE=Release, CUDA_VERSION=12.1, CUDNN_VERSION=9.1.0, CXX_COMPILER=/opt/rh/devtoolset-9/root/usr/bin/c++, CXX_FLAGS= -D_GLIBCXX_USE_CXX11_ABI=0 -fabi-version=11 -fvisibility-inlines-hidden -DUSE_PTHREADPOOL -DNDEBUG -DUSE_KINETO -DLIBKINETO_NOROCTRACER -DUSE_FBGEMM -DUSE_PYTORCH_QNNPACK -DUSE_XNNPACK -DSYMBOLICATE_MOBILE_DEBUG_HANDLE -O2 -fPIC -Wall -Wextra -Werror=return-type -Werror=non-virtual-dtor -Werror=bool-operation -Wnarrowing -Wno-missing-field-initializers -Wno-type-limits -Wno-array-bounds -Wno-unknown-pragmas -Wno-unused-parameter -Wno-unused-function -Wno-unused-result -Wno-strict-overflow -Wno-strict-aliasing -Wno-stringop-overflow -Wsuggest-override -Wno-psabi -Wno-error=pedantic -Wno-error=old-style-cast -Wno-missing-braces -fdiagnostics-color=always -faligned-new -Wno-unused-but-set-variable -Wno-maybe-uninitialized -fno-math-errno -fno-trapping-math -Werror=format -Wno-stringop-overflow, LAPACK_INFO=mkl, PERF_WITH_AVX=1, PERF_WITH_AVX2=1, PERF_WITH_AVX512=1, TORCH_VERSION=2.4.1, USE_CUDA=ON, USE_CUDNN=ON, USE_CUSPARSELT=1, USE_EXCEPTION_PTR=1, USE_GFLAGS=OFF, USE_GLOG=OFF, USE_GLOO=ON, USE_MKL=ON, USE_MKLDNN=ON, USE_MPI=OFF, USE_NCCL=1, USE_NNPACK=ON, USE_OPENMP=ON, USE_ROCM=OFF, USE_ROCM_KERNEL_ASSERT=OFF, 

    TorchVision: 0.19.1+cu121
    OpenCV: 4.11.0
    MMEngine: 0.10.7

Runtime environment:
    cudnn_benchmark: False
    mp_cfg: {'mp_start_method': 'fork', 'opencv_num_threads': 0}
    dist_cfg: {'backend': 'nccl'}
    seed: 512734156
    Distributed launcher: none
    Distributed training: False
    GPU number: 1
------------------------------------------------------------

2025/05/11 21:19:34 - mmengine - INFO - Config:
HOME = '/home/jaa/Work/Prog/BSU/Detectors'
MODEL_GROUP = '1stage'
MODEL_TYPE = 'RetinaNet'
WEIGHT_SIZE = 'r50'
additions = 'SGD'
auto_scale_lr = dict(base_batch_size=10, enable=False)
backend_args = None
batch_size = 10
checkpoint_config = dict(interval=1)
data_root = '/home/jaa/Work/Prog/BSU/Detectors/mmdetection/data/Padded_GroundingDINO.v1i.yolov5pytorch/'
dataset_type = 'CocoDataset'
default_hooks = dict(
    checkpoint=dict(interval=1, type='CheckpointHook'),
    early_stopping=dict(
        min_delta=0.001,
        monitor='coco/bbox_mAP',
        patience=3,
        type='EarlyStoppingHook'),
    logger=dict(interval=50, log_metric_by_epoch=True, type='LoggerHook'),
    param_scheduler=dict(type='ParamSchedulerHook'),
    sampler_seed=dict(type='DistSamplerSeedHook'),
    timer=dict(type='IterTimerHook'),
    visualization=dict(type='DetVisualizationHook'))
default_scope = 'mmdet'
deterministic = True
env_cfg = dict(
    cudnn_benchmark=False,
    dist_cfg=dict(backend='nccl'),
    mp_cfg=dict(mp_start_method='fork', opencv_num_threads=0))
evaluation = dict(interval=1, metric='bbox')
experiment = 'RetinaNet_r50_24e_SGD_custom'
img_norm_cfg = dict(
    mean=[
        123.675,
        116.28,
        103.53,
    ],
    std=[
        58.395,
        57.12,
        57.375,
    ],
    to_rgb=True)
launcher = 'none'
load_from = '/home/jaa/Work/Prog/BSU/Detectors/models/RetinaNet/retinanet_r50_fpn_mstrain_3x_coco_20210718_220633-88476508.pth'
log_level = 'INFO'
log_processor = dict(by_epoch=True, type='LogProcessor', window_size=50)
metainfo = dict(
    classes=('cow', ), palette=[
        (
            220,
            20,
            60,
        ),
    ])
model = dict(
    backbone=dict(
        depth=50,
        frozen_stages=2,
        init_cfg=dict(checkpoint='torchvision://resnet50', type='Pretrained'),
        norm_cfg=dict(requires_grad=True, type='BN'),
        norm_eval=True,
        num_stages=4,
        out_indices=(
            0,
            1,
            2,
            3,
        ),
        style='pytorch',
        type='ResNet'),
    bbox_head=dict(
        anchor_generator=dict(
            octave_base_scale=4,
            ratios=[
                0.5,
                1.0,
                2.0,
            ],
            scales_per_octave=3,
            strides=[
                8,
                16,
                32,
                64,
                128,
            ],
            type='AnchorGenerator'),
        bbox_coder=dict(
            target_means=[
                0.0,
                0.0,
                0.0,
                0.0,
            ],
            target_stds=[
                1.0,
                1.0,
                1.0,
                1.0,
            ],
            type='DeltaXYWHBBoxCoder'),
        feat_channels=256,
        in_channels=256,
        loss_bbox=dict(loss_weight=1.0, type='L1Loss'),
        loss_cls=dict(
            alpha=0.25,
            gamma=2.0,
            loss_weight=1.0,
            type='FocalLoss',
            use_sigmoid=True),
        num_classes=1,
        stacked_convs=4,
        type='RetinaHead'),
    data_preprocessor=dict(
        bgr_to_rgb=True,
        mean=[
            123.675,
            116.28,
            103.53,
        ],
        pad_size_divisor=32,
        std=[
            58.395,
            57.12,
            57.375,
        ],
        type='DetDataPreprocessor'),
    neck=dict(
        add_extra_convs='on_input',
        in_channels=[
            256,
            512,
            1024,
            2048,
        ],
        num_outs=5,
        out_channels=256,
        start_level=1,
        type='FPN'),
    test_cfg=dict(
        max_per_img=100,
        min_bbox_size=0,
        nms=dict(iou_threshold=0.5, type='nms'),
        nms_pre=1000,
        score_thr=0.05),
    train_cfg=dict(
        allowed_border=-1,
        assigner=dict(
            ignore_iof_thr=-1,
            min_pos_iou=0,
            neg_iou_thr=0.4,
            pos_iou_thr=0.5,
            type='MaxIoUAssigner'),
        debug=False,
        pos_weight=-1,
        sampler=dict(type='PseudoSampler')),
    type='RetinaNet')
num_classes = 1
num_epochs = 24
num_workers = 6
optim_wrapper = dict(
    optimizer=dict(lr=0.001, momentum=0.9, type='SGD', weight_decay=0.0001))
param_scheduler = [
    dict(
        begin=0, by_epoch=False, end=500, start_factor=0.0001,
        type='LinearLR'),
    dict(
        begin=0,
        by_epoch=True,
        end=24,
        gamma=0.1,
        milestones=[
            8,
            11,
        ],
        type='MultiStepLR'),
]
resume = False
seed = 46
test_cfg = dict(type='TestLoop')
test_dataloader = dict(
    batch_size=10,
    dataset=dict(
        ann_file=
        '/home/jaa/Work/Prog/BSU/Detectors/mmdetection/data/Padded_GroundingDINO.v1i.yolov5pytorch/test_coco.json',
        data_prefix=dict(
            img=
            '/home/jaa/Work/Prog/BSU/Detectors/mmdetection/data/Padded_GroundingDINO.v1i.yolov5pytorch/test/images'
        ),
        data_root=
        '/home/jaa/Work/Prog/BSU/Detectors/mmdetection/data/Padded_GroundingDINO.v1i.yolov5pytorch/',
        pipeline=[
            dict(backend_args=None, type='LoadImageFromFile'),
            dict(type='LoadAnnotations', with_bbox=True),
            dict(
                keep_empty=False,
                min_gt_bbox_wh=(
                    16,
                    16,
                ),
                type='FilterAnnotations'),
            dict(keep_ratio=True, scale=(
                1280,
                1280,
            ), type='Resize'),
            dict(
                meta_keys=(
                    'img_id',
                    'img_path',
                    'ori_shape',
                    'img_shape',
                    'scale_factor',
                ),
                type='PackDetInputs'),
        ],
        test_mode=True,
        type='CocoDataset'),
    drop_last=False,
    num_workers=6,
    persistent_workers=True,
    sampler=dict(shuffle=False, type='DefaultSampler'))
test_evaluator = dict(
    ann_file=
    '/home/jaa/Work/Prog/BSU/Detectors/mmdetection/data/Padded_GroundingDINO.v1i.yolov5pytorch/test_coco.json',
    format_only=True,
    metric='bbox',
    outfile_prefix=
    '/home/jaa/Work/Prog/BSU/Detectors/mmdetection/data/Padded_GroundingDINO.v1i.yolov5pytorch/test/images',
    type='CocoMetric')
test_pipeline = [
    dict(backend_args=None, type='LoadImageFromFile'),
    dict(type='LoadAnnotations', with_bbox=True),
    dict(
        keep_empty=False, min_gt_bbox_wh=(
            16,
            16,
        ), type='FilterAnnotations'),
    dict(keep_ratio=True, scale=(
        1280,
        1280,
    ), type='Resize'),
    dict(
        meta_keys=(
            'img_id',
            'img_path',
            'ori_shape',
            'img_shape',
            'scale_factor',
        ),
        type='PackDetInputs'),
]
train_cfg = dict(max_epochs=24, type='EpochBasedTrainLoop', val_interval=1)
train_dataloader = dict(
    batch_size=10,
    dataset=dict(
        ann_file=
        '/home/jaa/Work/Prog/BSU/Detectors/mmdetection/data/Padded_GroundingDINO.v1i.yolov5pytorch/train_coco.json',
        data_prefix=dict(
            img=
            '/home/jaa/Work/Prog/BSU/Detectors/mmdetection/data/Padded_GroundingDINO.v1i.yolov5pytorch/train/images'
        ),
        data_root=
        '/home/jaa/Work/Prog/BSU/Detectors/mmdetection/data/Padded_GroundingDINO.v1i.yolov5pytorch/',
        metainfo=dict(classes=('cow', ), palette=[
            (
                220,
                20,
                60,
            ),
        ]),
        pipeline=[
            dict(backend_args=None, type='LoadImageFromFile'),
            dict(type='LoadAnnotations', with_bbox=True),
            dict(prob=0.5, type='RandomFlip'),
            dict(level=2, prob=0.3, type='Rotate'),
            dict(
                keep_empty=False,
                min_gt_bbox_wh=(
                    16,
                    16,
                ),
                type='FilterAnnotations'),
            dict(keep_ratio=True, scale=(
                1280,
                1280,
            ), type='Resize'),
            dict(type='PackDetInputs'),
        ],
        type='CocoDataset'),
    num_workers=6)
train_pipeline = [
    dict(backend_args=None, type='LoadImageFromFile'),
    dict(type='LoadAnnotations', with_bbox=True),
    dict(prob=0.5, type='RandomFlip'),
    dict(level=2, prob=0.3, type='Rotate'),
    dict(
        keep_empty=False, min_gt_bbox_wh=(
            16,
            16,
        ), type='FilterAnnotations'),
    dict(keep_ratio=True, scale=(
        1280,
        1280,
    ), type='Resize'),
    dict(type='PackDetInputs'),
]
val_cfg = dict(type='ValLoop')
val_dataloader = dict(
    batch_size=10,
    dataset=dict(
        ann_file=
        '/home/jaa/Work/Prog/BSU/Detectors/mmdetection/data/Padded_GroundingDINO.v1i.yolov5pytorch/valid_coco.json',
        data_prefix=dict(
            img=
            '/home/jaa/Work/Prog/BSU/Detectors/mmdetection/data/Padded_GroundingDINO.v1i.yolov5pytorch/valid/images'
        ),
        data_root=
        '/home/jaa/Work/Prog/BSU/Detectors/mmdetection/data/Padded_GroundingDINO.v1i.yolov5pytorch/',
        metainfo=dict(classes=('cow', ), palette=[
            (
                220,
                20,
                60,
            ),
        ]),
        pipeline=[
            dict(backend_args=None, type='LoadImageFromFile'),
            dict(type='LoadAnnotations', with_bbox=True),
            dict(
                keep_empty=False,
                min_gt_bbox_wh=(
                    16,
                    16,
                ),
                type='FilterAnnotations'),
            dict(keep_ratio=True, scale=(
                1280,
                1280,
            ), type='Resize'),
            dict(
                meta_keys=(
                    'img_id',
                    'img_path',
                    'ori_shape',
                    'img_shape',
                    'scale_factor',
                ),
                type='PackDetInputs'),
        ],
        test_mode=True,
        type='CocoDataset'),
    num_workers=6)
val_evaluator = dict(
    ann_file=
    '/home/jaa/Work/Prog/BSU/Detectors/mmdetection/data/Padded_GroundingDINO.v1i.yolov5pytorch//valid_coco.json',
    format_only=False,
    metric='bbox',
    type='CocoMetric')
vis_backends = [
    dict(
        init_kwargs=dict(
            group='1stage',
            name='RetinaNet_r50_24e_10b_SGD',
            project='Сomparison of detectors'),
        type='WandbVisBackend'),
]
visualizer = dict(
    name='visualizer',
    type='Visualizer',
    vis_backends=[
        dict(
            init_kwargs=dict(
                group='1stage',
                name='RetinaNet_r50_24e_10b_SGD',
                project='Сomparison of detectors'),
            type='WandbVisBackend'),
    ])
weights = 'retinanet_r50_fpn_mstrain_3x_coco_20210718_220633-88476508.pth'
work_dir = '/home/jaa/Work/Prog/BSU/Detectors/work_dirs/RetinaNet/RetinaNet_r50_24e_SGD_custom/'

2025/05/11 21:19:38 - mmengine - INFO - Distributed training is not used, all SyncBatchNorm (SyncBN) layers in the model will be automatically reverted to BatchNormXd layers if they are used.
2025/05/11 21:19:38 - mmengine - INFO - Hooks will be executed in the following order:
before_run:
(VERY_HIGH   ) RuntimeInfoHook                    
(BELOW_NORMAL) LoggerHook                         
(LOWEST      ) EarlyStoppingHook                  
 -------------------- 
before_train:
(VERY_HIGH   ) RuntimeInfoHook                    
(NORMAL      ) IterTimerHook                      
(VERY_LOW    ) CheckpointHook                     
 -------------------- 
before_train_epoch:
(VERY_HIGH   ) RuntimeInfoHook                    
(NORMAL      ) IterTimerHook                      
(NORMAL      ) DistSamplerSeedHook                
 -------------------- 
before_train_iter:
(VERY_HIGH   ) RuntimeInfoHook                    
(NORMAL      ) IterTimerHook                      
 -------------------- 
after_train_iter:
(VERY_HIGH   ) RuntimeInfoHook                    
(NORMAL      ) IterTimerHook                      
(BELOW_NORMAL) LoggerHook                         
(LOW         ) ParamSchedulerHook                 
(VERY_LOW    ) CheckpointHook                     
 -------------------- 
after_train_epoch:
(NORMAL      ) IterTimerHook                      
(LOW         ) ParamSchedulerHook                 
(VERY_LOW    ) CheckpointHook                     
 -------------------- 
before_val:
(VERY_HIGH   ) RuntimeInfoHook                    
 -------------------- 
before_val_epoch:
(NORMAL      ) IterTimerHook                      
 -------------------- 
before_val_iter:
(NORMAL      ) IterTimerHook                      
 -------------------- 
after_val_iter:
(NORMAL      ) IterTimerHook                      
(NORMAL      ) DetVisualizationHook               
(BELOW_NORMAL) LoggerHook                         
 -------------------- 
after_val_epoch:
(VERY_HIGH   ) RuntimeInfoHook                    
(NORMAL      ) IterTimerHook                      
(BELOW_NORMAL) LoggerHook                         
(LOW         ) ParamSchedulerHook                 
(VERY_LOW    ) CheckpointHook                     
(LOWEST      ) EarlyStoppingHook                  
 -------------------- 
after_val:
(VERY_HIGH   ) RuntimeInfoHook                    
 -------------------- 
after_train:
(VERY_HIGH   ) RuntimeInfoHook                    
(VERY_LOW    ) CheckpointHook                     
 -------------------- 
before_test:
(VERY_HIGH   ) RuntimeInfoHook                    
 -------------------- 
before_test_epoch:
(NORMAL      ) IterTimerHook                      
 -------------------- 
before_test_iter:
(NORMAL      ) IterTimerHook                      
 -------------------- 
after_test_iter:
(NORMAL      ) IterTimerHook                      
(NORMAL      ) DetVisualizationHook               
(BELOW_NORMAL) LoggerHook                         
 -------------------- 
after_test_epoch:
(VERY_HIGH   ) RuntimeInfoHook                    
(NORMAL      ) IterTimerHook                      
(BELOW_NORMAL) LoggerHook                         
 -------------------- 
after_test:
(VERY_HIGH   ) RuntimeInfoHook                    
 -------------------- 
after_run:
(BELOW_NORMAL) LoggerHook                         
 -------------------- 
2025/05/11 21:19:39 - mmengine - INFO - load model from: torchvision://resnet50
2025/05/11 21:19:39 - mmengine - INFO - Loads checkpoint by torchvision backend from path: torchvision://resnet50
2025/05/11 21:19:39 - mmengine - WARNING - The model and loaded state dict do not match exactly

unexpected key in source state_dict: fc.weight, fc.bias

Name of parameter - Initialization information

backbone.conv1.weight - torch.Size([64, 3, 7, 7]): 
PretrainedInit: load from torchvision://resnet50 

backbone.bn1.weight - torch.Size([64]): 
PretrainedInit: load from torchvision://resnet50 

backbone.bn1.bias - torch.Size([64]): 
PretrainedInit: load from torchvision://resnet50 

backbone.layer1.0.conv1.weight - torch.Size([64, 64, 1, 1]): 
PretrainedInit: load from torchvision://resnet50 

backbone.layer1.0.bn1.weight - torch.Size([64]): 
PretrainedInit: load from torchvision://resnet50 

backbone.layer1.0.bn1.bias - torch.Size([64]): 
PretrainedInit: load from torchvision://resnet50 

backbone.layer1.0.conv2.weight - torch.Size([64, 64, 3, 3]): 
PretrainedInit: load from torchvision://resnet50 

backbone.layer1.0.bn2.weight - torch.Size([64]): 
PretrainedInit: load from torchvision://resnet50 

backbone.layer1.0.bn2.bias - torch.Size([64]): 
PretrainedInit: load from torchvision://resnet50 

backbone.layer1.0.conv3.weight - torch.Size([256, 64, 1, 1]): 
PretrainedInit: load from torchvision://resnet50 

backbone.layer1.0.bn3.weight - torch.Size([256]): 
PretrainedInit: load from torchvision://resnet50 

backbone.layer1.0.bn3.bias - torch.Size([256]): 
PretrainedInit: load from torchvision://resnet50 

backbone.layer1.0.downsample.0.weight - torch.Size([256, 64, 1, 1]): 
PretrainedInit: load from torchvision://resnet50 

backbone.layer1.0.downsample.1.weight - torch.Size([256]): 
PretrainedInit: load from torchvision://resnet50 

backbone.layer1.0.downsample.1.bias - torch.Size([256]): 
PretrainedInit: load from torchvision://resnet50 

backbone.layer1.1.conv1.weight - torch.Size([64, 256, 1, 1]): 
PretrainedInit: load from torchvision://resnet50 

backbone.layer1.1.bn1.weight - torch.Size([64]): 
PretrainedInit: load from torchvision://resnet50 

backbone.layer1.1.bn1.bias - torch.Size([64]): 
PretrainedInit: load from torchvision://resnet50 

backbone.layer1.1.conv2.weight - torch.Size([64, 64, 3, 3]): 
PretrainedInit: load from torchvision://resnet50 

backbone.layer1.1.bn2.weight - torch.Size([64]): 
PretrainedInit: load from torchvision://resnet50 

backbone.layer1.1.bn2.bias - torch.Size([64]): 
PretrainedInit: load from torchvision://resnet50 

backbone.layer1.1.conv3.weight - torch.Size([256, 64, 1, 1]): 
PretrainedInit: load from torchvision://resnet50 

backbone.layer1.1.bn3.weight - torch.Size([256]): 
PretrainedInit: load from torchvision://resnet50 

backbone.layer1.1.bn3.bias - torch.Size([256]): 
PretrainedInit: load from torchvision://resnet50 

backbone.layer1.2.conv1.weight - torch.Size([64, 256, 1, 1]): 
PretrainedInit: load from torchvision://resnet50 

backbone.layer1.2.bn1.weight - torch.Size([64]): 
PretrainedInit: load from torchvision://resnet50 

backbone.layer1.2.bn1.bias - torch.Size([64]): 
PretrainedInit: load from torchvision://resnet50 

backbone.layer1.2.conv2.weight - torch.Size([64, 64, 3, 3]): 
PretrainedInit: load from torchvision://resnet50 

backbone.layer1.2.bn2.weight - torch.Size([64]): 
PretrainedInit: load from torchvision://resnet50 

backbone.layer1.2.bn2.bias - torch.Size([64]): 
PretrainedInit: load from torchvision://resnet50 

backbone.layer1.2.conv3.weight - torch.Size([256, 64, 1, 1]): 
PretrainedInit: load from torchvision://resnet50 

backbone.layer1.2.bn3.weight - torch.Size([256]): 
PretrainedInit: load from torchvision://resnet50 

backbone.layer1.2.bn3.bias - torch.Size([256]): 
PretrainedInit: load from torchvision://resnet50 

backbone.layer2.0.conv1.weight - torch.Size([128, 256, 1, 1]): 
PretrainedInit: load from torchvision://resnet50 

backbone.layer2.0.bn1.weight - torch.Size([128]): 
PretrainedInit: load from torchvision://resnet50 

backbone.layer2.0.bn1.bias - torch.Size([128]): 
PretrainedInit: load from torchvision://resnet50 

backbone.layer2.0.conv2.weight - torch.Size([128, 128, 3, 3]): 
PretrainedInit: load from torchvision://resnet50 

backbone.layer2.0.bn2.weight - torch.Size([128]): 
PretrainedInit: load from torchvision://resnet50 

backbone.layer2.0.bn2.bias - torch.Size([128]): 
PretrainedInit: load from torchvision://resnet50 

backbone.layer2.0.conv3.weight - torch.Size([512, 128, 1, 1]): 
PretrainedInit: load from torchvision://resnet50 

backbone.layer2.0.bn3.weight - torch.Size([512]): 
PretrainedInit: load from torchvision://resnet50 

backbone.layer2.0.bn3.bias - torch.Size([512]): 
PretrainedInit: load from torchvision://resnet50 

backbone.layer2.0.downsample.0.weight - torch.Size([512, 256, 1, 1]): 
PretrainedInit: load from torchvision://resnet50 

backbone.layer2.0.downsample.1.weight - torch.Size([512]): 
PretrainedInit: load from torchvision://resnet50 

backbone.layer2.0.downsample.1.bias - torch.Size([512]): 
PretrainedInit: load from torchvision://resnet50 

backbone.layer2.1.conv1.weight - torch.Size([128, 512, 1, 1]): 
PretrainedInit: load from torchvision://resnet50 

backbone.layer2.1.bn1.weight - torch.Size([128]): 
PretrainedInit: load from torchvision://resnet50 

backbone.layer2.1.bn1.bias - torch.Size([128]): 
PretrainedInit: load from torchvision://resnet50 

backbone.layer2.1.conv2.weight - torch.Size([128, 128, 3, 3]): 
PretrainedInit: load from torchvision://resnet50 

backbone.layer2.1.bn2.weight - torch.Size([128]): 
PretrainedInit: load from torchvision://resnet50 

backbone.layer2.1.bn2.bias - torch.Size([128]): 
PretrainedInit: load from torchvision://resnet50 

backbone.layer2.1.conv3.weight - torch.Size([512, 128, 1, 1]): 
PretrainedInit: load from torchvision://resnet50 

backbone.layer2.1.bn3.weight - torch.Size([512]): 
PretrainedInit: load from torchvision://resnet50 

backbone.layer2.1.bn3.bias - torch.Size([512]): 
PretrainedInit: load from torchvision://resnet50 

backbone.layer2.2.conv1.weight - torch.Size([128, 512, 1, 1]): 
PretrainedInit: load from torchvision://resnet50 

backbone.layer2.2.bn1.weight - torch.Size([128]): 
PretrainedInit: load from torchvision://resnet50 

backbone.layer2.2.bn1.bias - torch.Size([128]): 
PretrainedInit: load from torchvision://resnet50 

backbone.layer2.2.conv2.weight - torch.Size([128, 128, 3, 3]): 
PretrainedInit: load from torchvision://resnet50 

backbone.layer2.2.bn2.weight - torch.Size([128]): 
PretrainedInit: load from torchvision://resnet50 

backbone.layer2.2.bn2.bias - torch.Size([128]): 
PretrainedInit: load from torchvision://resnet50 

backbone.layer2.2.conv3.weight - torch.Size([512, 128, 1, 1]): 
PretrainedInit: load from torchvision://resnet50 

backbone.layer2.2.bn3.weight - torch.Size([512]): 
PretrainedInit: load from torchvision://resnet50 

backbone.layer2.2.bn3.bias - torch.Size([512]): 
PretrainedInit: load from torchvision://resnet50 

backbone.layer2.3.conv1.weight - torch.Size([128, 512, 1, 1]): 
PretrainedInit: load from torchvision://resnet50 

backbone.layer2.3.bn1.weight - torch.Size([128]): 
PretrainedInit: load from torchvision://resnet50 

backbone.layer2.3.bn1.bias - torch.Size([128]): 
PretrainedInit: load from torchvision://resnet50 

backbone.layer2.3.conv2.weight - torch.Size([128, 128, 3, 3]): 
PretrainedInit: load from torchvision://resnet50 

backbone.layer2.3.bn2.weight - torch.Size([128]): 
PretrainedInit: load from torchvision://resnet50 

backbone.layer2.3.bn2.bias - torch.Size([128]): 
PretrainedInit: load from torchvision://resnet50 

backbone.layer2.3.conv3.weight - torch.Size([512, 128, 1, 1]): 
PretrainedInit: load from torchvision://resnet50 

backbone.layer2.3.bn3.weight - torch.Size([512]): 
PretrainedInit: load from torchvision://resnet50 

backbone.layer2.3.bn3.bias - torch.Size([512]): 
PretrainedInit: load from torchvision://resnet50 

backbone.layer3.0.conv1.weight - torch.Size([256, 512, 1, 1]): 
PretrainedInit: load from torchvision://resnet50 

backbone.layer3.0.bn1.weight - torch.Size([256]): 
PretrainedInit: load from torchvision://resnet50 

backbone.layer3.0.bn1.bias - torch.Size([256]): 
PretrainedInit: load from torchvision://resnet50 

backbone.layer3.0.conv2.weight - torch.Size([256, 256, 3, 3]): 
PretrainedInit: load from torchvision://resnet50 

backbone.layer3.0.bn2.weight - torch.Size([256]): 
PretrainedInit: load from torchvision://resnet50 

backbone.layer3.0.bn2.bias - torch.Size([256]): 
PretrainedInit: load from torchvision://resnet50 

backbone.layer3.0.conv3.weight - torch.Size([1024, 256, 1, 1]): 
PretrainedInit: load from torchvision://resnet50 

backbone.layer3.0.bn3.weight - torch.Size([1024]): 
PretrainedInit: load from torchvision://resnet50 

backbone.layer3.0.bn3.bias - torch.Size([1024]): 
PretrainedInit: load from torchvision://resnet50 

backbone.layer3.0.downsample.0.weight - torch.Size([1024, 512, 1, 1]): 
PretrainedInit: load from torchvision://resnet50 

backbone.layer3.0.downsample.1.weight - torch.Size([1024]): 
PretrainedInit: load from torchvision://resnet50 

backbone.layer3.0.downsample.1.bias - torch.Size([1024]): 
PretrainedInit: load from torchvision://resnet50 

backbone.layer3.1.conv1.weight - torch.Size([256, 1024, 1, 1]): 
PretrainedInit: load from torchvision://resnet50 

backbone.layer3.1.bn1.weight - torch.Size([256]): 
PretrainedInit: load from torchvision://resnet50 

backbone.layer3.1.bn1.bias - torch.Size([256]): 
PretrainedInit: load from torchvision://resnet50 

backbone.layer3.1.conv2.weight - torch.Size([256, 256, 3, 3]): 
PretrainedInit: load from torchvision://resnet50 

backbone.layer3.1.bn2.weight - torch.Size([256]): 
PretrainedInit: load from torchvision://resnet50 

backbone.layer3.1.bn2.bias - torch.Size([256]): 
PretrainedInit: load from torchvision://resnet50 

backbone.layer3.1.conv3.weight - torch.Size([1024, 256, 1, 1]): 
PretrainedInit: load from torchvision://resnet50 

backbone.layer3.1.bn3.weight - torch.Size([1024]): 
PretrainedInit: load from torchvision://resnet50 

backbone.layer3.1.bn3.bias - torch.Size([1024]): 
PretrainedInit: load from torchvision://resnet50 

backbone.layer3.2.conv1.weight - torch.Size([256, 1024, 1, 1]): 
PretrainedInit: load from torchvision://resnet50 

backbone.layer3.2.bn1.weight - torch.Size([256]): 
PretrainedInit: load from torchvision://resnet50 

backbone.layer3.2.bn1.bias - torch.Size([256]): 
PretrainedInit: load from torchvision://resnet50 

backbone.layer3.2.conv2.weight - torch.Size([256, 256, 3, 3]): 
PretrainedInit: load from torchvision://resnet50 

backbone.layer3.2.bn2.weight - torch.Size([256]): 
PretrainedInit: load from torchvision://resnet50 

backbone.layer3.2.bn2.bias - torch.Size([256]): 
PretrainedInit: load from torchvision://resnet50 

backbone.layer3.2.conv3.weight - torch.Size([1024, 256, 1, 1]): 
PretrainedInit: load from torchvision://resnet50 

backbone.layer3.2.bn3.weight - torch.Size([1024]): 
PretrainedInit: load from torchvision://resnet50 

backbone.layer3.2.bn3.bias - torch.Size([1024]): 
PretrainedInit: load from torchvision://resnet50 

backbone.layer3.3.conv1.weight - torch.Size([256, 1024, 1, 1]): 
PretrainedInit: load from torchvision://resnet50 

backbone.layer3.3.bn1.weight - torch.Size([256]): 
PretrainedInit: load from torchvision://resnet50 

backbone.layer3.3.bn1.bias - torch.Size([256]): 
PretrainedInit: load from torchvision://resnet50 

backbone.layer3.3.conv2.weight - torch.Size([256, 256, 3, 3]): 
PretrainedInit: load from torchvision://resnet50 

backbone.layer3.3.bn2.weight - torch.Size([256]): 
PretrainedInit: load from torchvision://resnet50 

backbone.layer3.3.bn2.bias - torch.Size([256]): 
PretrainedInit: load from torchvision://resnet50 

backbone.layer3.3.conv3.weight - torch.Size([1024, 256, 1, 1]): 
PretrainedInit: load from torchvision://resnet50 

backbone.layer3.3.bn3.weight - torch.Size([1024]): 
PretrainedInit: load from torchvision://resnet50 

backbone.layer3.3.bn3.bias - torch.Size([1024]): 
PretrainedInit: load from torchvision://resnet50 

backbone.layer3.4.conv1.weight - torch.Size([256, 1024, 1, 1]): 
PretrainedInit: load from torchvision://resnet50 

backbone.layer3.4.bn1.weight - torch.Size([256]): 
PretrainedInit: load from torchvision://resnet50 

backbone.layer3.4.bn1.bias - torch.Size([256]): 
PretrainedInit: load from torchvision://resnet50 

backbone.layer3.4.conv2.weight - torch.Size([256, 256, 3, 3]): 
PretrainedInit: load from torchvision://resnet50 

backbone.layer3.4.bn2.weight - torch.Size([256]): 
PretrainedInit: load from torchvision://resnet50 

backbone.layer3.4.bn2.bias - torch.Size([256]): 
PretrainedInit: load from torchvision://resnet50 

backbone.layer3.4.conv3.weight - torch.Size([1024, 256, 1, 1]): 
PretrainedInit: load from torchvision://resnet50 

backbone.layer3.4.bn3.weight - torch.Size([1024]): 
PretrainedInit: load from torchvision://resnet50 

backbone.layer3.4.bn3.bias - torch.Size([1024]): 
PretrainedInit: load from torchvision://resnet50 

backbone.layer3.5.conv1.weight - torch.Size([256, 1024, 1, 1]): 
PretrainedInit: load from torchvision://resnet50 

backbone.layer3.5.bn1.weight - torch.Size([256]): 
PretrainedInit: load from torchvision://resnet50 

backbone.layer3.5.bn1.bias - torch.Size([256]): 
PretrainedInit: load from torchvision://resnet50 

backbone.layer3.5.conv2.weight - torch.Size([256, 256, 3, 3]): 
PretrainedInit: load from torchvision://resnet50 

backbone.layer3.5.bn2.weight - torch.Size([256]): 
PretrainedInit: load from torchvision://resnet50 

backbone.layer3.5.bn2.bias - torch.Size([256]): 
PretrainedInit: load from torchvision://resnet50 

backbone.layer3.5.conv3.weight - torch.Size([1024, 256, 1, 1]): 
PretrainedInit: load from torchvision://resnet50 

backbone.layer3.5.bn3.weight - torch.Size([1024]): 
PretrainedInit: load from torchvision://resnet50 

backbone.layer3.5.bn3.bias - torch.Size([1024]): 
PretrainedInit: load from torchvision://resnet50 

backbone.layer4.0.conv1.weight - torch.Size([512, 1024, 1, 1]): 
PretrainedInit: load from torchvision://resnet50 

backbone.layer4.0.bn1.weight - torch.Size([512]): 
PretrainedInit: load from torchvision://resnet50 

backbone.layer4.0.bn1.bias - torch.Size([512]): 
PretrainedInit: load from torchvision://resnet50 

backbone.layer4.0.conv2.weight - torch.Size([512, 512, 3, 3]): 
PretrainedInit: load from torchvision://resnet50 

backbone.layer4.0.bn2.weight - torch.Size([512]): 
PretrainedInit: load from torchvision://resnet50 

backbone.layer4.0.bn2.bias - torch.Size([512]): 
PretrainedInit: load from torchvision://resnet50 

backbone.layer4.0.conv3.weight - torch.Size([2048, 512, 1, 1]): 
PretrainedInit: load from torchvision://resnet50 

backbone.layer4.0.bn3.weight - torch.Size([2048]): 
PretrainedInit: load from torchvision://resnet50 

backbone.layer4.0.bn3.bias - torch.Size([2048]): 
PretrainedInit: load from torchvision://resnet50 

backbone.layer4.0.downsample.0.weight - torch.Size([2048, 1024, 1, 1]): 
PretrainedInit: load from torchvision://resnet50 

backbone.layer4.0.downsample.1.weight - torch.Size([2048]): 
PretrainedInit: load from torchvision://resnet50 

backbone.layer4.0.downsample.1.bias - torch.Size([2048]): 
PretrainedInit: load from torchvision://resnet50 

backbone.layer4.1.conv1.weight - torch.Size([512, 2048, 1, 1]): 
PretrainedInit: load from torchvision://resnet50 

backbone.layer4.1.bn1.weight - torch.Size([512]): 
PretrainedInit: load from torchvision://resnet50 

backbone.layer4.1.bn1.bias - torch.Size([512]): 
PretrainedInit: load from torchvision://resnet50 

backbone.layer4.1.conv2.weight - torch.Size([512, 512, 3, 3]): 
PretrainedInit: load from torchvision://resnet50 

backbone.layer4.1.bn2.weight - torch.Size([512]): 
PretrainedInit: load from torchvision://resnet50 

backbone.layer4.1.bn2.bias - torch.Size([512]): 
PretrainedInit: load from torchvision://resnet50 

backbone.layer4.1.conv3.weight - torch.Size([2048, 512, 1, 1]): 
PretrainedInit: load from torchvision://resnet50 

backbone.layer4.1.bn3.weight - torch.Size([2048]): 
PretrainedInit: load from torchvision://resnet50 

backbone.layer4.1.bn3.bias - torch.Size([2048]): 
PretrainedInit: load from torchvision://resnet50 

backbone.layer4.2.conv1.weight - torch.Size([512, 2048, 1, 1]): 
PretrainedInit: load from torchvision://resnet50 

backbone.layer4.2.bn1.weight - torch.Size([512]): 
PretrainedInit: load from torchvision://resnet50 

backbone.layer4.2.bn1.bias - torch.Size([512]): 
PretrainedInit: load from torchvision://resnet50 

backbone.layer4.2.conv2.weight - torch.Size([512, 512, 3, 3]): 
PretrainedInit: load from torchvision://resnet50 

backbone.layer4.2.bn2.weight - torch.Size([512]): 
PretrainedInit: load from torchvision://resnet50 

backbone.layer4.2.bn2.bias - torch.Size([512]): 
PretrainedInit: load from torchvision://resnet50 

backbone.layer4.2.conv3.weight - torch.Size([2048, 512, 1, 1]): 
PretrainedInit: load from torchvision://resnet50 

backbone.layer4.2.bn3.weight - torch.Size([2048]): 
PretrainedInit: load from torchvision://resnet50 

backbone.layer4.2.bn3.bias - torch.Size([2048]): 
PretrainedInit: load from torchvision://resnet50 

neck.lateral_convs.0.conv.weight - torch.Size([256, 512, 1, 1]): 
XavierInit: gain=1, distribution=uniform, bias=0 

neck.lateral_convs.0.conv.bias - torch.Size([256]): 
The value is the same before and after calling `init_weights` of RetinaNet  

neck.lateral_convs.1.conv.weight - torch.Size([256, 1024, 1, 1]): 
XavierInit: gain=1, distribution=uniform, bias=0 

neck.lateral_convs.1.conv.bias - torch.Size([256]): 
The value is the same before and after calling `init_weights` of RetinaNet  

neck.lateral_convs.2.conv.weight - torch.Size([256, 2048, 1, 1]): 
XavierInit: gain=1, distribution=uniform, bias=0 

neck.lateral_convs.2.conv.bias - torch.Size([256]): 
The value is the same before and after calling `init_weights` of RetinaNet  

neck.fpn_convs.0.conv.weight - torch.Size([256, 256, 3, 3]): 
XavierInit: gain=1, distribution=uniform, bias=0 

neck.fpn_convs.0.conv.bias - torch.Size([256]): 
The value is the same before and after calling `init_weights` of RetinaNet  

neck.fpn_convs.1.conv.weight - torch.Size([256, 256, 3, 3]): 
XavierInit: gain=1, distribution=uniform, bias=0 

neck.fpn_convs.1.conv.bias - torch.Size([256]): 
The value is the same before and after calling `init_weights` of RetinaNet  

neck.fpn_convs.2.conv.weight - torch.Size([256, 256, 3, 3]): 
XavierInit: gain=1, distribution=uniform, bias=0 

neck.fpn_convs.2.conv.bias - torch.Size([256]): 
The value is the same before and after calling `init_weights` of RetinaNet  

neck.fpn_convs.3.conv.weight - torch.Size([256, 2048, 3, 3]): 
XavierInit: gain=1, distribution=uniform, bias=0 

neck.fpn_convs.3.conv.bias - torch.Size([256]): 
The value is the same before and after calling `init_weights` of RetinaNet  

neck.fpn_convs.4.conv.weight - torch.Size([256, 256, 3, 3]): 
XavierInit: gain=1, distribution=uniform, bias=0 

neck.fpn_convs.4.conv.bias - torch.Size([256]): 
The value is the same before and after calling `init_weights` of RetinaNet  

bbox_head.cls_convs.0.conv.weight - torch.Size([256, 256, 3, 3]): 
NormalInit: mean=0, std=0.01, bias=0 

bbox_head.cls_convs.0.conv.bias - torch.Size([256]): 
The value is the same before and after calling `init_weights` of RetinaNet  

bbox_head.cls_convs.1.conv.weight - torch.Size([256, 256, 3, 3]): 
NormalInit: mean=0, std=0.01, bias=0 

bbox_head.cls_convs.1.conv.bias - torch.Size([256]): 
The value is the same before and after calling `init_weights` of RetinaNet  

bbox_head.cls_convs.2.conv.weight - torch.Size([256, 256, 3, 3]): 
NormalInit: mean=0, std=0.01, bias=0 

bbox_head.cls_convs.2.conv.bias - torch.Size([256]): 
The value is the same before and after calling `init_weights` of RetinaNet  

bbox_head.cls_convs.3.conv.weight - torch.Size([256, 256, 3, 3]): 
NormalInit: mean=0, std=0.01, bias=0 

bbox_head.cls_convs.3.conv.bias - torch.Size([256]): 
The value is the same before and after calling `init_weights` of RetinaNet  

bbox_head.reg_convs.0.conv.weight - torch.Size([256, 256, 3, 3]): 
NormalInit: mean=0, std=0.01, bias=0 

bbox_head.reg_convs.0.conv.bias - torch.Size([256]): 
The value is the same before and after calling `init_weights` of RetinaNet  

bbox_head.reg_convs.1.conv.weight - torch.Size([256, 256, 3, 3]): 
NormalInit: mean=0, std=0.01, bias=0 

bbox_head.reg_convs.1.conv.bias - torch.Size([256]): 
The value is the same before and after calling `init_weights` of RetinaNet  

bbox_head.reg_convs.2.conv.weight - torch.Size([256, 256, 3, 3]): 
NormalInit: mean=0, std=0.01, bias=0 

bbox_head.reg_convs.2.conv.bias - torch.Size([256]): 
The value is the same before and after calling `init_weights` of RetinaNet  

bbox_head.reg_convs.3.conv.weight - torch.Size([256, 256, 3, 3]): 
NormalInit: mean=0, std=0.01, bias=0 

bbox_head.reg_convs.3.conv.bias - torch.Size([256]): 
The value is the same before and after calling `init_weights` of RetinaNet  

bbox_head.retina_cls.weight - torch.Size([9, 256, 3, 3]): 
NormalInit: mean=0, std=0.01, bias=-4.59511985013459 

bbox_head.retina_cls.bias - torch.Size([9]): 
NormalInit: mean=0, std=0.01, bias=-4.59511985013459 

bbox_head.retina_reg.weight - torch.Size([36, 256, 3, 3]): 
NormalInit: mean=0, std=0.01, bias=0 

bbox_head.retina_reg.bias - torch.Size([36]): 
NormalInit: mean=0, std=0.01, bias=0 
2025/05/11 21:19:39 - mmengine - INFO - Load checkpoint from /home/jaa/Work/Prog/BSU/Detectors/models/RetinaNet/retinanet_r50_fpn_mstrain_3x_coco_20210718_220633-88476508.pth
2025/05/11 21:19:39 - mmengine - WARNING - "FileClient" will be deprecated in future. Please use io functions in https://mmengine.readthedocs.io/en/latest/api/fileio.html#file-io
2025/05/11 21:19:39 - mmengine - WARNING - "HardDiskBackend" is the alias of "LocalBackend" and the former will be deprecated in future.
2025/05/11 21:19:39 - mmengine - INFO - Checkpoints will be saved to /home/jaa/Work/Prog/BSU/Detectors/work_dirs/RetinaNet/RetinaNet_r50_24e_SGD_custom.
2025/05/11 21:20:02 - mmengine - INFO - Epoch(train)  [1][ 50/917]  lr: 9.8287e-05  eta: 2:48:47  time: 0.4612  data_time: 0.0095  memory: 11473  loss: 1.3132  loss_cls: 1.0501  loss_bbox: 0.2631
2025/05/11 21:20:25 - mmengine - INFO - Epoch(train)  [1][100/917]  lr: 1.9848e-04  eta: 2:46:50  time: 0.4526  data_time: 0.0052  memory: 11573  loss: 0.6609  loss_cls: 0.4326  loss_bbox: 0.2283
2025/05/11 21:20:48 - mmengine - INFO - Epoch(train)  [1][150/917]  lr: 2.9867e-04  eta: 2:45:55  time: 0.4526  data_time: 0.0053  memory: 11498  loss: 0.4280  loss_cls: 0.2209  loss_bbox: 0.2070
2025/05/11 21:21:10 - mmengine - INFO - Epoch(train)  [1][200/917]  lr: 3.9886e-04  eta: 2:45:18  time: 0.4529  data_time: 0.0054  memory: 11666  loss: 0.3776  loss_cls: 0.1749  loss_bbox: 0.2027
2025/05/11 21:21:33 - mmengine - INFO - Epoch(train)  [1][250/917]  lr: 4.9905e-04  eta: 2:44:51  time: 0.4539  data_time: 0.0055  memory: 11475  loss: 0.3454  loss_cls: 0.1530  loss_bbox: 0.1923
2025/05/11 21:21:56 - mmengine - INFO - Epoch(train)  [1][300/917]  lr: 5.9924e-04  eta: 2:44:25  time: 0.4536  data_time: 0.0056  memory: 11477  loss: 0.3526  loss_cls: 0.1516  loss_bbox: 0.2010
2025/05/11 21:22:18 - mmengine - INFO - Epoch(train)  [1][350/917]  lr: 6.9943e-04  eta: 2:43:59  time: 0.4534  data_time: 0.0054  memory: 11474  loss: 0.3295  loss_cls: 0.1397  loss_bbox: 0.1898
2025/05/11 21:22:41 - mmengine - INFO - Epoch(train)  [1][400/917]  lr: 7.9962e-04  eta: 2:43:34  time: 0.4537  data_time: 0.0058  memory: 11474  loss: 0.3131  loss_cls: 0.1247  loss_bbox: 0.1884
2025/05/11 21:23:04 - mmengine - INFO - Epoch(train)  [1][450/917]  lr: 8.9981e-04  eta: 2:43:09  time: 0.4532  data_time: 0.0056  memory: 11474  loss: 0.3162  loss_cls: 0.1324  loss_bbox: 0.1838
2025/05/11 21:23:26 - mmengine - INFO - Epoch(train)  [1][500/917]  lr: 1.0000e-03  eta: 2:42:47  time: 0.4541  data_time: 0.0057  memory: 11473  loss: 0.3026  loss_cls: 0.1204  loss_bbox: 0.1823
2025/05/11 21:23:49 - mmengine - INFO - Epoch(train)  [1][550/917]  lr: 1.0000e-03  eta: 2:42:23  time: 0.4539  data_time: 0.0056  memory: 11599  loss: 0.3157  loss_cls: 0.1271  loss_bbox: 0.1886
2025/05/11 21:24:12 - mmengine - INFO - Epoch(train)  [1][600/917]  lr: 1.0000e-03  eta: 2:42:00  time: 0.4539  data_time: 0.0056  memory: 11666  loss: 0.2983  loss_cls: 0.1161  loss_bbox: 0.1822
2025/05/11 21:24:34 - mmengine - INFO - Epoch(train)  [1][650/917]  lr: 1.0000e-03  eta: 2:41:38  time: 0.4540  data_time: 0.0055  memory: 11475  loss: 0.3072  loss_cls: 0.1243  loss_bbox: 0.1829
2025/05/11 21:24:57 - mmengine - INFO - Epoch(train)  [1][700/917]  lr: 1.0000e-03  eta: 2:41:15  time: 0.4541  data_time: 0.0057  memory: 11641  loss: 0.3048  loss_cls: 0.1215  loss_bbox: 0.1833
2025/05/11 21:25:20 - mmengine - INFO - Epoch(train)  [1][750/917]  lr: 1.0000e-03  eta: 2:40:49  time: 0.4518  data_time: 0.0055  memory: 11474  loss: 0.2982  loss_cls: 0.1198  loss_bbox: 0.1784
2025/05/11 21:25:42 - mmengine - INFO - Epoch(train)  [1][800/917]  lr: 1.0000e-03  eta: 2:40:24  time: 0.4524  data_time: 0.0057  memory: 11515  loss: 0.2889  loss_cls: 0.1129  loss_bbox: 0.1760
2025/05/11 21:26:05 - mmengine - INFO - Epoch(train)  [1][850/917]  lr: 1.0000e-03  eta: 2:40:00  time: 0.4524  data_time: 0.0058  memory: 11620  loss: 0.2959  loss_cls: 0.1180  loss_bbox: 0.1779
2025/05/11 21:26:28 - mmengine - INFO - Epoch(train)  [1][900/917]  lr: 1.0000e-03  eta: 2:39:35  time: 0.4521  data_time: 0.0056  memory: 11506  loss: 0.2780  loss_cls: 0.1090  loss_bbox: 0.1690
2025/05/11 21:26:35 - mmengine - INFO - Exp name: retinanet_r50_fpn_1x_new_custom_20250511_211934
2025/05/11 21:26:35 - mmengine - INFO - Saving checkpoint at 1 epochs
2025/05/11 21:26:48 - mmengine - INFO - Epoch(val)  [1][50/75]    eta: 0:00:05  time: 0.2394  data_time: 0.0106  memory: 11473  
2025/05/11 21:26:53 - mmengine - INFO - Evaluating bbox...
2025/05/11 21:26:54 - mmengine - INFO - bbox_mAP_copypaste: 0.730 0.924 0.801 0.330 0.607 0.782
2025/05/11 21:26:54 - mmengine - INFO - Epoch(val) [1][75/75]    coco/bbox_mAP: 0.7300  coco/bbox_mAP_50: 0.9240  coco/bbox_mAP_75: 0.8010  coco/bbox_mAP_s: 0.3300  coco/bbox_mAP_m: 0.6070  coco/bbox_mAP_l: 0.7820  data_time: 0.0086  time: 0.2348
2025/05/11 21:27:17 - mmengine - INFO - Epoch(train)  [2][ 50/917]  lr: 1.0000e-03  eta: 2:39:02  time: 0.4571  data_time: 0.0104  memory: 11474  loss: 0.2777  loss_cls: 0.1071  loss_bbox: 0.1706
2025/05/11 21:27:32 - mmengine - INFO - Exp name: retinanet_r50_fpn_1x_new_custom_20250511_211934
2025/05/11 21:27:40 - mmengine - INFO - Epoch(train)  [2][100/917]  lr: 1.0000e-03  eta: 2:38:37  time: 0.4504  data_time: 0.0047  memory: 11574  loss: 0.2750  loss_cls: 0.1012  loss_bbox: 0.1738
2025/05/11 21:28:02 - mmengine - INFO - Epoch(train)  [2][150/917]  lr: 1.0000e-03  eta: 2:38:12  time: 0.4510  data_time: 0.0049  memory: 11499  loss: 0.2728  loss_cls: 0.1092  loss_bbox: 0.1636
2025/05/11 21:28:25 - mmengine - INFO - Epoch(train)  [2][200/917]  lr: 1.0000e-03  eta: 2:37:47  time: 0.4513  data_time: 0.0051  memory: 11664  loss: 0.2672  loss_cls: 0.1003  loss_bbox: 0.1669
2025/05/11 21:28:47 - mmengine - INFO - Epoch(train)  [2][250/917]  lr: 1.0000e-03  eta: 2:37:23  time: 0.4515  data_time: 0.0051  memory: 11474  loss: 0.2521  loss_cls: 0.0931  loss_bbox: 0.1590
2025/05/11 21:29:10 - mmengine - INFO - Epoch(train)  [2][300/917]  lr: 1.0000e-03  eta: 2:37:00  time: 0.4529  data_time: 0.0057  memory: 11479  loss: 0.2692  loss_cls: 0.0970  loss_bbox: 0.1722
2025/05/11 21:29:33 - mmengine - INFO - Epoch(train)  [2][350/917]  lr: 1.0000e-03  eta: 2:36:38  time: 0.4533  data_time: 0.0058  memory: 11473  loss: 0.2515  loss_cls: 0.0925  loss_bbox: 0.1590
2025/05/11 21:29:55 - mmengine - INFO - Epoch(train)  [2][400/917]  lr: 1.0000e-03  eta: 2:36:14  time: 0.4522  data_time: 0.0055  memory: 11473  loss: 0.2452  loss_cls: 0.0850  loss_bbox: 0.1601
2025/05/11 21:30:18 - mmengine - INFO - Epoch(train)  [2][450/917]  lr: 1.0000e-03  eta: 2:35:55  time: 0.4575  data_time: 0.0057  memory: 11473  loss: 0.2414  loss_cls: 0.0894  loss_bbox: 0.1520
2025/05/11 21:30:41 - mmengine - INFO - Epoch(train)  [2][500/917]  lr: 1.0000e-03  eta: 2:35:32  time: 0.4529  data_time: 0.0057  memory: 11473  loss: 0.2345  loss_cls: 0.0825  loss_bbox: 0.1520
2025/05/11 21:31:03 - mmengine - INFO - Epoch(train)  [2][550/917]  lr: 1.0000e-03  eta: 2:35:10  time: 0.4539  data_time: 0.0060  memory: 11601  loss: 0.2456  loss_cls: 0.0876  loss_bbox: 0.1580
2025/05/11 21:31:26 - mmengine - INFO - Epoch(train)  [2][600/917]  lr: 1.0000e-03  eta: 2:34:46  time: 0.4514  data_time: 0.0059  memory: 11662  loss: 0.2376  loss_cls: 0.0831  loss_bbox: 0.1544
2025/05/11 21:31:48 - mmengine - INFO - Epoch(train)  [2][650/917]  lr: 1.0000e-03  eta: 2:34:21  time: 0.4506  data_time: 0.0057  memory: 11473  loss: 0.2416  loss_cls: 0.0893  loss_bbox: 0.1523
2025/05/11 21:32:11 - mmengine - INFO - Epoch(train)  [2][700/917]  lr: 1.0000e-03  eta: 2:33:57  time: 0.4510  data_time: 0.0058  memory: 11641  loss: 0.2441  loss_cls: 0.0865  loss_bbox: 0.1575
2025/05/11 21:32:34 - mmengine - INFO - Epoch(train)  [2][750/917]  lr: 1.0000e-03  eta: 2:33:34  time: 0.4509  data_time: 0.0058  memory: 11474  loss: 0.2386  loss_cls: 0.0868  loss_bbox: 0.1517
2025/05/11 21:32:56 - mmengine - INFO - Epoch(train)  [2][800/917]  lr: 1.0000e-03  eta: 2:33:10  time: 0.4518  data_time: 0.0060  memory: 11517  loss: 0.2357  loss_cls: 0.0840  loss_bbox: 0.1517
2025/05/11 21:33:19 - mmengine - INFO - Epoch(train)  [2][850/917]  lr: 1.0000e-03  eta: 2:32:46  time: 0.4507  data_time: 0.0057  memory: 11623  loss: 0.2467  loss_cls: 0.0914  loss_bbox: 0.1553
2025/05/11 21:33:41 - mmengine - INFO - Epoch(train)  [2][900/917]  lr: 1.0000e-03  eta: 2:32:22  time: 0.4507  data_time: 0.0058  memory: 11504  loss: 0.2286  loss_cls: 0.0824  loss_bbox: 0.1462
2025/05/11 21:33:49 - mmengine - INFO - Exp name: retinanet_r50_fpn_1x_new_custom_20250511_211934
2025/05/11 21:33:49 - mmengine - INFO - Saving checkpoint at 2 epochs
2025/05/11 21:34:01 - mmengine - INFO - Epoch(val)  [2][50/75]    eta: 0:00:05  time: 0.2384  data_time: 0.0108  memory: 11473  
2025/05/11 21:34:07 - mmengine - INFO - Evaluating bbox...
2025/05/11 21:34:08 - mmengine - INFO - bbox_mAP_copypaste: 0.739 0.932 0.811 0.349 0.627 0.790
2025/05/11 21:34:08 - mmengine - INFO - Epoch(val) [2][75/75]    coco/bbox_mAP: 0.7390  coco/bbox_mAP_50: 0.9320  coco/bbox_mAP_75: 0.8110  coco/bbox_mAP_s: 0.3490  coco/bbox_mAP_m: 0.6270  coco/bbox_mAP_l: 0.7900  data_time: 0.0087  time: 0.2319
2025/05/11 21:34:30 - mmengine - INFO - Epoch(train)  [3][ 50/917]  lr: 1.0000e-03  eta: 2:31:50  time: 0.4543  data_time: 0.0102  memory: 11474  loss: 0.2270  loss_cls: 0.0791  loss_bbox: 0.1479
2025/05/11 21:34:53 - mmengine - INFO - Epoch(train)  [3][100/917]  lr: 1.0000e-03  eta: 2:31:25  time: 0.4485  data_time: 0.0047  memory: 11576  loss: 0.2299  loss_cls: 0.0781  loss_bbox: 0.1518
2025/05/11 21:35:15 - mmengine - INFO - Epoch(train)  [3][150/917]  lr: 1.0000e-03  eta: 2:31:01  time: 0.4486  data_time: 0.0048  memory: 11497  loss: 0.2264  loss_cls: 0.0842  loss_bbox: 0.1422
2025/05/11 21:35:22 - mmengine - INFO - Exp name: retinanet_r50_fpn_1x_new_custom_20250511_211934
2025/05/11 21:35:38 - mmengine - INFO - Epoch(train)  [3][200/917]  lr: 1.0000e-03  eta: 2:30:37  time: 0.4497  data_time: 0.0052  memory: 11663  loss: 0.2245  loss_cls: 0.0782  loss_bbox: 0.1463
2025/05/11 21:36:00 - mmengine - INFO - Epoch(train)  [3][250/917]  lr: 1.0000e-03  eta: 2:30:13  time: 0.4500  data_time: 0.0054  memory: 11474  loss: 0.2131  loss_cls: 0.0727  loss_bbox: 0.1405
2025/05/11 21:36:23 - mmengine - INFO - Epoch(train)  [3][300/917]  lr: 1.0000e-03  eta: 2:29:49  time: 0.4506  data_time: 0.0057  memory: 11480  loss: 0.2295  loss_cls: 0.0761  loss_bbox: 0.1534
2025/05/11 21:36:45 - mmengine - INFO - Epoch(train)  [3][350/917]  lr: 1.0000e-03  eta: 2:29:26  time: 0.4511  data_time: 0.0058  memory: 11473  loss: 0.2144  loss_cls: 0.0729  loss_bbox: 0.1415
2025/05/11 21:37:08 - mmengine - INFO - Epoch(train)  [3][400/917]  lr: 1.0000e-03  eta: 2:29:03  time: 0.4503  data_time: 0.0056  memory: 11474  loss: 0.2095  loss_cls: 0.0666  loss_bbox: 0.1429
2025/05/11 21:37:30 - mmengine - INFO - Epoch(train)  [3][450/917]  lr: 1.0000e-03  eta: 2:28:39  time: 0.4506  data_time: 0.0056  memory: 11473  loss: 0.2034  loss_cls: 0.0687  loss_bbox: 0.1346
2025/05/11 21:37:53 - mmengine - INFO - Epoch(train)  [3][500/917]  lr: 1.0000e-03  eta: 2:28:16  time: 0.4510  data_time: 0.0059  memory: 11473  loss: 0.2008  loss_cls: 0.0653  loss_bbox: 0.1354
2025/05/11 21:38:15 - mmengine - INFO - Epoch(train)  [3][550/917]  lr: 1.0000e-03  eta: 2:27:53  time: 0.4517  data_time: 0.0061  memory: 11600  loss: 0.2102  loss_cls: 0.0681  loss_bbox: 0.1422
2025/05/11 21:38:38 - mmengine - INFO - Epoch(train)  [3][600/917]  lr: 1.0000e-03  eta: 2:27:30  time: 0.4515  data_time: 0.0059  memory: 11666  loss: 0.2067  loss_cls: 0.0675  loss_bbox: 0.1392
2025/05/11 21:39:01 - mmengine - INFO - Epoch(train)  [3][650/917]  lr: 1.0000e-03  eta: 2:27:07  time: 0.4506  data_time: 0.0057  memory: 11473  loss: 0.2070  loss_cls: 0.0710  loss_bbox: 0.1360
2025/05/11 21:39:23 - mmengine - INFO - Epoch(train)  [3][700/917]  lr: 1.0000e-03  eta: 2:26:44  time: 0.4517  data_time: 0.0060  memory: 11640  loss: 0.2135  loss_cls: 0.0704  loss_bbox: 0.1431
2025/05/11 21:39:46 - mmengine - INFO - Epoch(train)  [3][750/917]  lr: 1.0000e-03  eta: 2:26:22  time: 0.4517  data_time: 0.0060  memory: 11473  loss: 0.2046  loss_cls: 0.0682  loss_bbox: 0.1364
2025/05/11 21:40:08 - mmengine - INFO - Epoch(train)  [3][800/917]  lr: 1.0000e-03  eta: 2:25:59  time: 0.4519  data_time: 0.0061  memory: 11513  loss: 0.2064  loss_cls: 0.0684  loss_bbox: 0.1380
2025/05/11 21:40:31 - mmengine - INFO - Epoch(train)  [3][850/917]  lr: 1.0000e-03  eta: 2:25:36  time: 0.4515  data_time: 0.0060  memory: 11621  loss: 0.2143  loss_cls: 0.0738  loss_bbox: 0.1406
2025/05/11 21:40:53 - mmengine - INFO - Epoch(train)  [3][900/917]  lr: 1.0000e-03  eta: 2:25:13  time: 0.4521  data_time: 0.0062  memory: 11505  loss: 0.1984  loss_cls: 0.0658  loss_bbox: 0.1326
2025/05/11 21:41:01 - mmengine - INFO - Exp name: retinanet_r50_fpn_1x_new_custom_20250511_211934
2025/05/11 21:41:01 - mmengine - INFO - Saving checkpoint at 3 epochs
2025/05/11 21:41:13 - mmengine - INFO - Epoch(val)  [3][50/75]    eta: 0:00:05  time: 0.2386  data_time: 0.0111  memory: 11473  
2025/05/11 21:41:19 - mmengine - INFO - Evaluating bbox...
2025/05/11 21:41:20 - mmengine - INFO - bbox_mAP_copypaste: 0.743 0.935 0.816 0.374 0.635 0.792
2025/05/11 21:41:20 - mmengine - INFO - Epoch(val) [3][75/75]    coco/bbox_mAP: 0.7430  coco/bbox_mAP_50: 0.9350  coco/bbox_mAP_75: 0.8160  coco/bbox_mAP_s: 0.3740  coco/bbox_mAP_m: 0.6350  coco/bbox_mAP_l: 0.7920  data_time: 0.0090  time: 0.2320
2025/05/11 21:41:42 - mmengine - INFO - Epoch(train)  [4][ 50/917]  lr: 1.0000e-03  eta: 2:24:42  time: 0.4542  data_time: 0.0099  memory: 11475  loss: 0.1962  loss_cls: 0.0622  loss_bbox: 0.1340
2025/05/11 21:42:05 - mmengine - INFO - Epoch(train)  [4][100/917]  lr: 1.0000e-03  eta: 2:24:18  time: 0.4491  data_time: 0.0049  memory: 11573  loss: 0.2001  loss_cls: 0.0626  loss_bbox: 0.1375
2025/05/11 21:42:27 - mmengine - INFO - Epoch(train)  [4][150/917]  lr: 1.0000e-03  eta: 2:23:55  time: 0.4493  data_time: 0.0049  memory: 11497  loss: 0.1956  loss_cls: 0.0663  loss_bbox: 0.1293
2025/05/11 21:42:50 - mmengine - INFO - Epoch(train)  [4][200/917]  lr: 1.0000e-03  eta: 2:23:32  time: 0.4499  data_time: 0.0051  memory: 11661  loss: 0.1950  loss_cls: 0.0630  loss_bbox: 0.1320
2025/05/11 21:43:12 - mmengine - INFO - Exp name: retinanet_r50_fpn_1x_new_custom_20250511_211934
2025/05/11 21:43:12 - mmengine - INFO - Epoch(train)  [4][250/917]  lr: 1.0000e-03  eta: 2:23:09  time: 0.4501  data_time: 0.0053  memory: 11473  loss: 0.1867  loss_cls: 0.0585  loss_bbox: 0.1282
2025/05/11 21:43:35 - mmengine - INFO - Epoch(train)  [4][300/917]  lr: 1.0000e-03  eta: 2:22:46  time: 0.4514  data_time: 0.0056  memory: 11479  loss: 0.2009  loss_cls: 0.0614  loss_bbox: 0.1395
2025/05/11 21:43:57 - mmengine - INFO - Epoch(train)  [4][350/917]  lr: 1.0000e-03  eta: 2:22:23  time: 0.4514  data_time: 0.0057  memory: 11474  loss: 0.1875  loss_cls: 0.0586  loss_bbox: 0.1288
2025/05/11 21:44:20 - mmengine - INFO - Epoch(train)  [4][400/917]  lr: 1.0000e-03  eta: 2:22:00  time: 0.4510  data_time: 0.0057  memory: 11475  loss: 0.1860  loss_cls: 0.0543  loss_bbox: 0.1317
2025/05/11 21:44:42 - mmengine - INFO - Epoch(train)  [4][450/917]  lr: 1.0000e-03  eta: 2:21:37  time: 0.4511  data_time: 0.0057  memory: 11475  loss: 0.1757  loss_cls: 0.0536  loss_bbox: 0.1220
2025/05/11 21:45:05 - mmengine - INFO - Epoch(train)  [4][500/917]  lr: 1.0000e-03  eta: 2:21:15  time: 0.4510  data_time: 0.0056  memory: 11474  loss: 0.1773  loss_cls: 0.0533  loss_bbox: 0.1240
2025/05/11 21:45:28 - mmengine - INFO - Epoch(train)  [4][550/917]  lr: 1.0000e-03  eta: 2:20:52  time: 0.4513  data_time: 0.0058  memory: 11601  loss: 0.1845  loss_cls: 0.0540  loss_bbox: 0.1305
2025/05/11 21:45:50 - mmengine - INFO - Epoch(train)  [4][600/917]  lr: 1.0000e-03  eta: 2:20:29  time: 0.4520  data_time: 0.0059  memory: 11663  loss: 0.1841  loss_cls: 0.0557  loss_bbox: 0.1284
2025/05/11 21:46:13 - mmengine - INFO - Epoch(train)  [4][650/917]  lr: 1.0000e-03  eta: 2:20:07  time: 0.4523  data_time: 0.0060  memory: 11474  loss: 0.1812  loss_cls: 0.0567  loss_bbox: 0.1245
2025/05/11 21:46:35 - mmengine - INFO - Epoch(train)  [4][700/917]  lr: 1.0000e-03  eta: 2:19:44  time: 0.4511  data_time: 0.0056  memory: 11639  loss: 0.1896  loss_cls: 0.0577  loss_bbox: 0.1319
2025/05/11 21:46:58 - mmengine - INFO - Epoch(train)  [4][750/917]  lr: 1.0000e-03  eta: 2:19:21  time: 0.4511  data_time: 0.0057  memory: 11474  loss: 0.1801  loss_cls: 0.0549  loss_bbox: 0.1252
2025/05/11 21:47:21 - mmengine - INFO - Epoch(train)  [4][800/917]  lr: 1.0000e-03  eta: 2:18:59  time: 0.4513  data_time: 0.0060  memory: 11517  loss: 0.1839  loss_cls: 0.0566  loss_bbox: 0.1273
2025/05/11 21:47:43 - mmengine - INFO - Epoch(train)  [4][850/917]  lr: 1.0000e-03  eta: 2:18:36  time: 0.4511  data_time: 0.0060  memory: 11622  loss: 0.1893  loss_cls: 0.0595  loss_bbox: 0.1299
2025/05/11 21:48:06 - mmengine - INFO - Epoch(train)  [4][900/917]  lr: 1.0000e-03  eta: 2:18:13  time: 0.4506  data_time: 0.0058  memory: 11507  loss: 0.1747  loss_cls: 0.0533  loss_bbox: 0.1213
2025/05/11 21:48:13 - mmengine - INFO - Exp name: retinanet_r50_fpn_1x_new_custom_20250511_211934
2025/05/11 21:48:13 - mmengine - INFO - Saving checkpoint at 4 epochs
2025/05/11 21:48:25 - mmengine - INFO - Epoch(val)  [4][50/75]    eta: 0:00:05  time: 0.2375  data_time: 0.0107  memory: 11472  
2025/05/11 21:48:31 - mmengine - INFO - Evaluating bbox...
2025/05/11 21:48:32 - mmengine - INFO - bbox_mAP_copypaste: 0.745 0.935 0.815 0.379 0.639 0.793
2025/05/11 21:48:32 - mmengine - INFO - Epoch(val) [4][75/75]    coco/bbox_mAP: 0.7450  coco/bbox_mAP_50: 0.9350  coco/bbox_mAP_75: 0.8150  coco/bbox_mAP_s: 0.3790  coco/bbox_mAP_m: 0.6390  coco/bbox_mAP_l: 0.7930  data_time: 0.0086  time: 0.2308
2025/05/11 21:48:54 - mmengine - INFO - Epoch(train)  [5][ 50/917]  lr: 1.0000e-03  eta: 2:17:42  time: 0.4538  data_time: 0.0098  memory: 11473  loss: 0.1743  loss_cls: 0.0500  loss_bbox: 0.1243
2025/05/11 21:49:17 - mmengine - INFO - Epoch(train)  [5][100/917]  lr: 1.0000e-03  eta: 2:17:19  time: 0.4490  data_time: 0.0049  memory: 11573  loss: 0.1760  loss_cls: 0.0505  loss_bbox: 0.1255
2025/05/11 21:49:39 - mmengine - INFO - Epoch(train)  [5][150/917]  lr: 1.0000e-03  eta: 2:16:55  time: 0.4492  data_time: 0.0049  memory: 11498  loss: 0.1727  loss_cls: 0.0532  loss_bbox: 0.1195
2025/05/11 21:50:02 - mmengine - INFO - Epoch(train)  [5][200/917]  lr: 1.0000e-03  eta: 2:16:32  time: 0.4497  data_time: 0.0051  memory: 11663  loss: 0.1711  loss_cls: 0.0504  loss_bbox: 0.1207
2025/05/11 21:50:24 - mmengine - INFO - Epoch(train)  [5][250/917]  lr: 1.0000e-03  eta: 2:16:09  time: 0.4495  data_time: 0.0052  memory: 11474  loss: 0.1643  loss_cls: 0.0460  loss_bbox: 0.1183
2025/05/11 21:50:47 - mmengine - INFO - Epoch(train)  [5][300/917]  lr: 1.0000e-03  eta: 2:15:46  time: 0.4507  data_time: 0.0055  memory: 11481  loss: 0.1807  loss_cls: 0.0511  loss_bbox: 0.1296
2025/05/11 21:51:01 - mmengine - INFO - Exp name: retinanet_r50_fpn_1x_new_custom_20250511_211934
2025/05/11 21:51:09 - mmengine - INFO - Epoch(train)  [5][350/917]  lr: 1.0000e-03  eta: 2:15:24  time: 0.4513  data_time: 0.0057  memory: 11474  loss: 0.1668  loss_cls: 0.0478  loss_bbox: 0.1190
2025/05/11 21:51:32 - mmengine - INFO - Epoch(train)  [5][400/917]  lr: 1.0000e-03  eta: 2:15:01  time: 0.4512  data_time: 0.0058  memory: 11473  loss: 0.1670  loss_cls: 0.0449  loss_bbox: 0.1221
2025/05/11 21:51:54 - mmengine - INFO - Epoch(train)  [5][450/917]  lr: 1.0000e-03  eta: 2:14:38  time: 0.4512  data_time: 0.0058  memory: 11474  loss: 0.1547  loss_cls: 0.0427  loss_bbox: 0.1120
2025/05/11 21:52:17 - mmengine - INFO - Epoch(train)  [5][500/917]  lr: 1.0000e-03  eta: 2:14:16  time: 0.4515  data_time: 0.0058  memory: 11474  loss: 0.1579  loss_cls: 0.0432  loss_bbox: 0.1147
2025/05/11 21:52:40 - mmengine - INFO - Epoch(train)  [5][550/917]  lr: 1.0000e-03  eta: 2:13:53  time: 0.4517  data_time: 0.0059  memory: 11599  loss: 0.1645  loss_cls: 0.0434  loss_bbox: 0.1210
2025/05/11 21:53:02 - mmengine - INFO - Epoch(train)  [5][600/917]  lr: 1.0000e-03  eta: 2:13:31  time: 0.4520  data_time: 0.0059  memory: 11664  loss: 0.1647  loss_cls: 0.0457  loss_bbox: 0.1191
2025/05/11 21:53:25 - mmengine - INFO - Epoch(train)  [5][650/917]  lr: 1.0000e-03  eta: 2:13:08  time: 0.4512  data_time: 0.0058  memory: 11474  loss: 0.1595  loss_cls: 0.0445  loss_bbox: 0.1150
2025/05/11 21:53:47 - mmengine - INFO - Epoch(train)  [5][700/917]  lr: 1.0000e-03  eta: 2:12:46  time: 0.4523  data_time: 0.0060  memory: 11640  loss: 0.1704  loss_cls: 0.0476  loss_bbox: 0.1228
2025/05/11 21:54:10 - mmengine - INFO - Epoch(train)  [5][750/917]  lr: 1.0000e-03  eta: 2:12:23  time: 0.4520  data_time: 0.0060  memory: 11474  loss: 0.1605  loss_cls: 0.0446  loss_bbox: 0.1160
2025/05/11 21:54:32 - mmengine - INFO - Epoch(train)  [5][800/917]  lr: 1.0000e-03  eta: 2:12:01  time: 0.4521  data_time: 0.0060  memory: 11515  loss: 0.1643  loss_cls: 0.0461  loss_bbox: 0.1182
2025/05/11 21:54:55 - mmengine - INFO - Epoch(train)  [5][850/917]  lr: 1.0000e-03  eta: 2:11:39  time: 0.4547  data_time: 0.0061  memory: 11622  loss: 0.1693  loss_cls: 0.0483  loss_bbox: 0.1209
2025/05/11 21:55:18 - mmengine - INFO - Epoch(train)  [5][900/917]  lr: 1.0000e-03  eta: 2:11:17  time: 0.4585  data_time: 0.0061  memory: 11506  loss: 0.1578  loss_cls: 0.0441  loss_bbox: 0.1136
2025/05/11 21:55:26 - mmengine - INFO - Exp name: retinanet_r50_fpn_1x_new_custom_20250511_211934
2025/05/11 21:55:26 - mmengine - INFO - Saving checkpoint at 5 epochs
2025/05/11 21:55:38 - mmengine - INFO - Epoch(val)  [5][50/75]    eta: 0:00:05  time: 0.2351  data_time: 0.0112  memory: 11474  
2025/05/11 21:55:43 - mmengine - INFO - Evaluating bbox...
2025/05/11 21:55:44 - mmengine - INFO - bbox_mAP_copypaste: 0.745 0.934 0.815 0.392 0.636 0.793
2025/05/11 21:55:44 - mmengine - INFO - Epoch(val) [5][75/75]    coco/bbox_mAP: 0.7450  coco/bbox_mAP_50: 0.9340  coco/bbox_mAP_75: 0.8150  coco/bbox_mAP_s: 0.3920  coco/bbox_mAP_m: 0.6360  coco/bbox_mAP_l: 0.7930  data_time: 0.0091  time: 0.2288
2025/05/11 21:56:07 - mmengine - INFO - Epoch(train)  [6][ 50/917]  lr: 1.0000e-03  eta: 2:10:47  time: 0.4557  data_time: 0.0099  memory: 11475  loss: 0.1572  loss_cls: 0.0406  loss_bbox: 0.1166
2025/05/11 21:56:29 - mmengine - INFO - Epoch(train)  [6][100/917]  lr: 1.0000e-03  eta: 2:10:25  time: 0.4508  data_time: 0.0050  memory: 11572  loss: 0.1576  loss_cls: 0.0416  loss_bbox: 0.1160
2025/05/11 21:56:52 - mmengine - INFO - Epoch(train)  [6][150/917]  lr: 1.0000e-03  eta: 2:10:02  time: 0.4513  data_time: 0.0050  memory: 11499  loss: 0.1550  loss_cls: 0.0434  loss_bbox: 0.1116
2025/05/11 21:57:15 - mmengine - INFO - Epoch(train)  [6][200/917]  lr: 1.0000e-03  eta: 2:09:39  time: 0.4517  data_time: 0.0052  memory: 11665  loss: 0.1520  loss_cls: 0.0404  loss_bbox: 0.1116
2025/05/11 21:57:37 - mmengine - INFO - Epoch(train)  [6][250/917]  lr: 1.0000e-03  eta: 2:09:17  time: 0.4517  data_time: 0.0056  memory: 11474  loss: 0.1463  loss_cls: 0.0363  loss_bbox: 0.1100
2025/05/11 21:58:00 - mmengine - INFO - Epoch(train)  [6][300/917]  lr: 1.0000e-03  eta: 2:08:54  time: 0.4523  data_time: 0.0056  memory: 11478  loss: 0.1620  loss_cls: 0.0414  loss_bbox: 0.1206
2025/05/11 21:58:22 - mmengine - INFO - Epoch(train)  [6][350/917]  lr: 1.0000e-03  eta: 2:08:32  time: 0.4524  data_time: 0.0059  memory: 11474  loss: 0.1504  loss_cls: 0.0388  loss_bbox: 0.1117
2025/05/11 21:58:45 - mmengine - INFO - Epoch(train)  [6][400/917]  lr: 1.0000e-03  eta: 2:08:09  time: 0.4524  data_time: 0.0058  memory: 11473  loss: 0.1513  loss_cls: 0.0370  loss_bbox: 0.1143
2025/05/11 21:58:52 - mmengine - INFO - Exp name: retinanet_r50_fpn_1x_new_custom_20250511_211934
2025/05/11 21:59:08 - mmengine - INFO - Epoch(train)  [6][450/917]  lr: 1.0000e-03  eta: 2:07:47  time: 0.4528  data_time: 0.0060  memory: 11474  loss: 0.1399  loss_cls: 0.0351  loss_bbox: 0.1048
2025/05/11 21:59:30 - mmengine - INFO - Epoch(train)  [6][500/917]  lr: 1.0000e-03  eta: 2:07:24  time: 0.4524  data_time: 0.0059  memory: 11474  loss: 0.1436  loss_cls: 0.0353  loss_bbox: 0.1083
2025/05/11 21:59:53 - mmengine - INFO - Epoch(train)  [6][550/917]  lr: 1.0000e-03  eta: 2:07:02  time: 0.4526  data_time: 0.0060  memory: 11599  loss: 0.1492  loss_cls: 0.0357  loss_bbox: 0.1135
2025/05/11 22:00:16 - mmengine - INFO - Epoch(train)  [6][600/917]  lr: 1.0000e-03  eta: 2:06:40  time: 0.4528  data_time: 0.0060  memory: 11663  loss: 0.1480  loss_cls: 0.0367  loss_bbox: 0.1113
2025/05/11 22:00:38 - mmengine - INFO - Epoch(train)  [6][650/917]  lr: 1.0000e-03  eta: 2:06:17  time: 0.4521  data_time: 0.0061  memory: 11474  loss: 0.1431  loss_cls: 0.0356  loss_bbox: 0.1075
2025/05/11 22:01:01 - mmengine - INFO - Epoch(train)  [6][700/917]  lr: 1.0000e-03  eta: 2:05:54  time: 0.4519  data_time: 0.0061  memory: 11641  loss: 0.1536  loss_cls: 0.0387  loss_bbox: 0.1148
2025/05/11 22:01:23 - mmengine - INFO - Epoch(train)  [6][750/917]  lr: 1.0000e-03  eta: 2:05:32  time: 0.4520  data_time: 0.0062  memory: 11474  loss: 0.1445  loss_cls: 0.0361  loss_bbox: 0.1084
2025/05/11 22:01:46 - mmengine - INFO - Epoch(train)  [6][800/917]  lr: 1.0000e-03  eta: 2:05:09  time: 0.4516  data_time: 0.0060  memory: 11515  loss: 0.1477  loss_cls: 0.0374  loss_bbox: 0.1103
2025/05/11 22:02:08 - mmengine - INFO - Epoch(train)  [6][850/917]  lr: 1.0000e-03  eta: 2:04:47  time: 0.4516  data_time: 0.0059  memory: 11622  loss: 0.1536  loss_cls: 0.0401  loss_bbox: 0.1135
2025/05/11 22:02:31 - mmengine - INFO - Epoch(train)  [6][900/917]  lr: 1.0000e-03  eta: 2:04:24  time: 0.4515  data_time: 0.0058  memory: 11505  loss: 0.1447  loss_cls: 0.0374  loss_bbox: 0.1073
2025/05/11 22:02:38 - mmengine - INFO - Exp name: retinanet_r50_fpn_1x_new_custom_20250511_211934
2025/05/11 22:02:38 - mmengine - INFO - Saving checkpoint at 6 epochs
2025/05/11 22:02:51 - mmengine - INFO - Epoch(val)  [6][50/75]    eta: 0:00:06  time: 0.2432  data_time: 0.0110  memory: 11473  
2025/05/11 22:02:57 - mmengine - INFO - Evaluating bbox...
2025/05/11 22:02:57 - mmengine - INFO - bbox_mAP_copypaste: 0.746 0.933 0.819 0.399 0.636 0.795
2025/05/11 22:02:57 - mmengine - INFO - Epoch(val) [6][75/75]    coco/bbox_mAP: 0.7460  coco/bbox_mAP_50: 0.9330  coco/bbox_mAP_75: 0.8190  coco/bbox_mAP_s: 0.3990  coco/bbox_mAP_m: 0.6360  coco/bbox_mAP_l: 0.7950  data_time: 0.0089  time: 0.2337
2025/05/11 22:03:20 - mmengine - INFO - Epoch(train)  [7][ 50/917]  lr: 1.0000e-03  eta: 2:03:54  time: 0.4561  data_time: 0.0103  memory: 11474  loss: 0.1478  loss_cls: 0.0351  loss_bbox: 0.1127
2025/05/11 22:03:42 - mmengine - INFO - Epoch(train)  [7][100/917]  lr: 1.0000e-03  eta: 2:03:31  time: 0.4513  data_time: 0.0050  memory: 11572  loss: 0.1457  loss_cls: 0.0360  loss_bbox: 0.1097
2025/05/11 22:04:05 - mmengine - INFO - Epoch(train)  [7][150/917]  lr: 1.0000e-03  eta: 2:03:08  time: 0.4510  data_time: 0.0050  memory: 11497  loss: 0.1413  loss_cls: 0.0360  loss_bbox: 0.1053
2025/05/11 22:04:27 - mmengine - INFO - Epoch(train)  [7][200/917]  lr: 1.0000e-03  eta: 2:02:46  time: 0.4511  data_time: 0.0051  memory: 11664  loss: 0.1391  loss_cls: 0.0335  loss_bbox: 0.1057
2025/05/11 22:04:50 - mmengine - INFO - Epoch(train)  [7][250/917]  lr: 1.0000e-03  eta: 2:02:23  time: 0.4515  data_time: 0.0053  memory: 11475  loss: 0.1337  loss_cls: 0.0293  loss_bbox: 0.1044
2025/05/11 22:05:13 - mmengine - INFO - Epoch(train)  [7][300/917]  lr: 1.0000e-03  eta: 2:02:01  time: 0.4527  data_time: 0.0055  memory: 11478  loss: 0.1471  loss_cls: 0.0342  loss_bbox: 0.1129
2025/05/11 22:05:35 - mmengine - INFO - Epoch(train)  [7][350/917]  lr: 1.0000e-03  eta: 2:01:38  time: 0.4515  data_time: 0.0053  memory: 11473  loss: 0.1390  loss_cls: 0.0323  loss_bbox: 0.1067
2025/05/11 22:05:58 - mmengine - INFO - Epoch(train)  [7][400/917]  lr: 1.0000e-03  eta: 2:01:15  time: 0.4525  data_time: 0.0057  memory: 11473  loss: 0.1389  loss_cls: 0.0308  loss_bbox: 0.1081
2025/05/11 22:06:20 - mmengine - INFO - Epoch(train)  [7][450/917]  lr: 1.0000e-03  eta: 2:00:53  time: 0.4522  data_time: 0.0057  memory: 11473  loss: 0.1255  loss_cls: 0.0279  loss_bbox: 0.0976
2025/05/11 22:06:42 - mmengine - INFO - Exp name: retinanet_r50_fpn_1x_new_custom_20250511_211934
2025/05/11 22:06:43 - mmengine - INFO - Epoch(train)  [7][500/917]  lr: 1.0000e-03  eta: 2:00:30  time: 0.4520  data_time: 0.0057  memory: 11475  loss: 0.1332  loss_cls: 0.0297  loss_bbox: 0.1035
2025/05/11 22:07:06 - mmengine - INFO - Epoch(train)  [7][550/917]  lr: 1.0000e-03  eta: 2:00:08  time: 0.4524  data_time: 0.0058  memory: 11600  loss: 0.1367  loss_cls: 0.0297  loss_bbox: 0.1071
2025/05/11 22:07:28 - mmengine - INFO - Epoch(train)  [7][600/917]  lr: 1.0000e-03  eta: 1:59:45  time: 0.4529  data_time: 0.0058  memory: 11662  loss: 0.1363  loss_cls: 0.0310  loss_bbox: 0.1053
2025/05/11 22:07:51 - mmengine - INFO - Epoch(train)  [7][650/917]  lr: 1.0000e-03  eta: 1:59:23  time: 0.4523  data_time: 0.0058  memory: 11474  loss: 0.1299  loss_cls: 0.0288  loss_bbox: 0.1011
2025/05/11 22:08:14 - mmengine - INFO - Epoch(train)  [7][700/917]  lr: 1.0000e-03  eta: 1:59:00  time: 0.4528  data_time: 0.0060  memory: 11642  loss: 0.1403  loss_cls: 0.0321  loss_bbox: 0.1082
2025/05/11 22:08:36 - mmengine - INFO - Epoch(train)  [7][750/917]  lr: 1.0000e-03  eta: 1:58:38  time: 0.4521  data_time: 0.0060  memory: 11474  loss: 0.1310  loss_cls: 0.0295  loss_bbox: 0.1015
2025/05/11 22:08:59 - mmengine - INFO - Epoch(train)  [7][800/917]  lr: 1.0000e-03  eta: 1:58:15  time: 0.4515  data_time: 0.0059  memory: 11517  loss: 0.1346  loss_cls: 0.0306  loss_bbox: 0.1039
2025/05/11 22:09:22 - mmengine - INFO - Epoch(train)  [7][850/917]  lr: 1.0000e-03  eta: 1:57:53  time: 0.4571  data_time: 0.0060  memory: 11622  loss: 0.1402  loss_cls: 0.0333  loss_bbox: 0.1069
2025/05/11 22:09:44 - mmengine - INFO - Epoch(train)  [7][900/917]  lr: 1.0000e-03  eta: 1:57:31  time: 0.4518  data_time: 0.0061  memory: 11506  loss: 0.1341  loss_cls: 0.0314  loss_bbox: 0.1027
2025/05/11 22:09:52 - mmengine - INFO - Exp name: retinanet_r50_fpn_1x_new_custom_20250511_211934
2025/05/11 22:09:52 - mmengine - INFO - Saving checkpoint at 7 epochs
2025/05/11 22:10:04 - mmengine - INFO - Epoch(val)  [7][50/75]    eta: 0:00:05  time: 0.2396  data_time: 0.0111  memory: 11472  
2025/05/11 22:10:10 - mmengine - INFO - Evaluating bbox...
2025/05/11 22:10:10 - mmengine - INFO - bbox_mAP_copypaste: 0.737 0.931 0.808 0.412 0.625 0.785
2025/05/11 22:10:10 - mmengine - INFO - Epoch(val) [7][75/75]    coco/bbox_mAP: 0.7370  coco/bbox_mAP_50: 0.9310  coco/bbox_mAP_75: 0.8080  coco/bbox_mAP_s: 0.4120  coco/bbox_mAP_m: 0.6250  coco/bbox_mAP_l: 0.7850  data_time: 0.0090  time: 0.2326
2025/05/11 22:10:33 - mmengine - INFO - Epoch(train)  [8][ 50/917]  lr: 1.0000e-03  eta: 1:57:00  time: 0.4548  data_time: 0.0099  memory: 11474  loss: 0.1406  loss_cls: 0.0318  loss_bbox: 0.1088
2025/05/11 22:10:55 - mmengine - INFO - Epoch(train)  [8][100/917]  lr: 1.0000e-03  eta: 1:56:37  time: 0.4498  data_time: 0.0050  memory: 11575  loss: 0.1359  loss_cls: 0.0305  loss_bbox: 0.1054
2025/05/11 22:11:18 - mmengine - INFO - Epoch(train)  [8][150/917]  lr: 1.0000e-03  eta: 1:56:15  time: 0.4498  data_time: 0.0050  memory: 11497  loss: 0.1283  loss_cls: 0.0289  loss_bbox: 0.0993
2025/05/11 22:11:40 - mmengine - INFO - Epoch(train)  [8][200/917]  lr: 1.0000e-03  eta: 1:55:52  time: 0.4505  data_time: 0.0051  memory: 11664  loss: 0.1281  loss_cls: 0.0280  loss_bbox: 0.1001
2025/05/11 22:12:03 - mmengine - INFO - Epoch(train)  [8][250/917]  lr: 1.0000e-03  eta: 1:55:29  time: 0.4504  data_time: 0.0053  memory: 11474  loss: 0.1227  loss_cls: 0.0245  loss_bbox: 0.0982
2025/05/11 22:12:25 - mmengine - INFO - Epoch(train)  [8][300/917]  lr: 1.0000e-03  eta: 1:55:07  time: 0.4517  data_time: 0.0057  memory: 11479  loss: 0.1344  loss_cls: 0.0275  loss_bbox: 0.1069
2025/05/11 22:12:48 - mmengine - INFO - Epoch(train)  [8][350/917]  lr: 1.0000e-03  eta: 1:54:44  time: 0.4520  data_time: 0.0059  memory: 11474  loss: 0.1257  loss_cls: 0.0255  loss_bbox: 0.1002
2025/05/11 22:13:11 - mmengine - INFO - Epoch(train)  [8][400/917]  lr: 1.0000e-03  eta: 1:54:21  time: 0.4521  data_time: 0.0059  memory: 11475  loss: 0.1284  loss_cls: 0.0255  loss_bbox: 0.1028
2025/05/11 22:13:33 - mmengine - INFO - Epoch(train)  [8][450/917]  lr: 1.0000e-03  eta: 1:53:59  time: 0.4519  data_time: 0.0059  memory: 11474  loss: 0.1158  loss_cls: 0.0230  loss_bbox: 0.0928
2025/05/11 22:13:56 - mmengine - INFO - Epoch(train)  [8][500/917]  lr: 1.0000e-03  eta: 1:53:36  time: 0.4521  data_time: 0.0059  memory: 11473  loss: 0.1225  loss_cls: 0.0250  loss_bbox: 0.0975
2025/05/11 22:14:18 - mmengine - INFO - Epoch(train)  [8][550/917]  lr: 1.0000e-03  eta: 1:53:14  time: 0.4523  data_time: 0.0061  memory: 11602  loss: 0.1266  loss_cls: 0.0252  loss_bbox: 0.1014
2025/05/11 22:14:32 - mmengine - INFO - Exp name: retinanet_r50_fpn_1x_new_custom_20250511_211934
2025/05/11 22:14:41 - mmengine - INFO - Epoch(train)  [8][600/917]  lr: 1.0000e-03  eta: 1:52:51  time: 0.4527  data_time: 0.0061  memory: 11664  loss: 0.1253  loss_cls: 0.0253  loss_bbox: 0.1000
2025/05/11 22:15:04 - mmengine - INFO - Epoch(train)  [8][650/917]  lr: 1.0000e-03  eta: 1:52:29  time: 0.4527  data_time: 0.0061  memory: 11474  loss: 0.1195  loss_cls: 0.0240  loss_bbox: 0.0955
2025/05/11 22:15:26 - mmengine - INFO - Epoch(train)  [8][700/917]  lr: 1.0000e-03  eta: 1:52:06  time: 0.4527  data_time: 0.0061  memory: 11641  loss: 0.1282  loss_cls: 0.0266  loss_bbox: 0.1016
2025/05/11 22:15:49 - mmengine - INFO - Epoch(train)  [8][750/917]  lr: 1.0000e-03  eta: 1:51:44  time: 0.4523  data_time: 0.0060  memory: 11473  loss: 0.1207  loss_cls: 0.0245  loss_bbox: 0.0963
2025/05/11 22:16:12 - mmengine - INFO - Epoch(train)  [8][800/917]  lr: 1.0000e-03  eta: 1:51:21  time: 0.4524  data_time: 0.0061  memory: 11513  loss: 0.1238  loss_cls: 0.0252  loss_bbox: 0.0986
2025/05/11 22:16:34 - mmengine - INFO - Epoch(train)  [8][850/917]  lr: 1.0000e-03  eta: 1:50:59  time: 0.4525  data_time: 0.0060  memory: 11619  loss: 0.1285  loss_cls: 0.0273  loss_bbox: 0.1012
2025/05/11 22:16:57 - mmengine - INFO - Epoch(train)  [8][900/917]  lr: 1.0000e-03  eta: 1:50:36  time: 0.4525  data_time: 0.0060  memory: 11504  loss: 0.1253  loss_cls: 0.0276  loss_bbox: 0.0977
2025/05/11 22:17:04 - mmengine - INFO - Exp name: retinanet_r50_fpn_1x_new_custom_20250511_211934
2025/05/11 22:17:04 - mmengine - INFO - Saving checkpoint at 8 epochs
2025/05/11 22:17:17 - mmengine - INFO - Epoch(val)  [8][50/75]    eta: 0:00:05  time: 0.2389  data_time: 0.0109  memory: 11472  
2025/05/11 22:17:22 - mmengine - INFO - Evaluating bbox...
2025/05/11 22:17:23 - mmengine - INFO - bbox_mAP_copypaste: 0.740 0.933 0.809 0.409 0.623 0.790
2025/05/11 22:17:23 - mmengine - INFO - Epoch(val) [8][75/75]    coco/bbox_mAP: 0.7400  coco/bbox_mAP_50: 0.9330  coco/bbox_mAP_75: 0.8090  coco/bbox_mAP_s: 0.4090  coco/bbox_mAP_m: 0.6230  coco/bbox_mAP_l: 0.7900  data_time: 0.0087  time: 0.2317
2025/05/11 22:17:46 - mmengine - INFO - Epoch(train)  [9][ 50/917]  lr: 1.0000e-04  eta: 1:50:06  time: 0.4548  data_time: 0.0098  memory: 11473  loss: 0.1248  loss_cls: 0.0236  loss_bbox: 0.1013
2025/05/11 22:18:08 - mmengine - INFO - Epoch(train)  [9][100/917]  lr: 1.0000e-04  eta: 1:49:43  time: 0.4495  data_time: 0.0048  memory: 11573  loss: 0.1248  loss_cls: 0.0241  loss_bbox: 0.1007
2025/05/11 22:18:31 - mmengine - INFO - Epoch(train)  [9][150/917]  lr: 1.0000e-04  eta: 1:49:20  time: 0.4498  data_time: 0.0049  memory: 11498  loss: 0.1184  loss_cls: 0.0245  loss_bbox: 0.0939
2025/05/11 22:18:53 - mmengine - INFO - Epoch(train)  [9][200/917]  lr: 1.0000e-04  eta: 1:48:57  time: 0.4500  data_time: 0.0050  memory: 11665  loss: 0.1184  loss_cls: 0.0237  loss_bbox: 0.0947
2025/05/11 22:19:16 - mmengine - INFO - Epoch(train)  [9][250/917]  lr: 1.0000e-04  eta: 1:48:35  time: 0.4502  data_time: 0.0052  memory: 11474  loss: 0.1149  loss_cls: 0.0211  loss_bbox: 0.0938
2025/05/11 22:19:38 - mmengine - INFO - Epoch(train)  [9][300/917]  lr: 1.0000e-04  eta: 1:48:12  time: 0.4521  data_time: 0.0058  memory: 11481  loss: 0.1254  loss_cls: 0.0241  loss_bbox: 0.1013
2025/05/11 22:20:01 - mmengine - INFO - Epoch(train)  [9][350/917]  lr: 1.0000e-04  eta: 1:47:50  time: 0.4521  data_time: 0.0058  memory: 11473  loss: 0.1154  loss_cls: 0.0209  loss_bbox: 0.0946
2025/05/11 22:20:23 - mmengine - INFO - Epoch(train)  [9][400/917]  lr: 1.0000e-04  eta: 1:47:27  time: 0.4519  data_time: 0.0059  memory: 11474  loss: 0.1178  loss_cls: 0.0217  loss_bbox: 0.0961
2025/05/11 22:20:46 - mmengine - INFO - Epoch(train)  [9][450/917]  lr: 1.0000e-04  eta: 1:47:04  time: 0.4520  data_time: 0.0060  memory: 11473  loss: 0.1055  loss_cls: 0.0188  loss_bbox: 0.0868
2025/05/11 22:21:09 - mmengine - INFO - Epoch(train)  [9][500/917]  lr: 1.0000e-04  eta: 1:46:42  time: 0.4523  data_time: 0.0059  memory: 11474  loss: 0.1114  loss_cls: 0.0197  loss_bbox: 0.0917
2025/05/11 22:21:31 - mmengine - INFO - Epoch(train)  [9][550/917]  lr: 1.0000e-04  eta: 1:46:19  time: 0.4522  data_time: 0.0060  memory: 11601  loss: 0.1182  loss_cls: 0.0217  loss_bbox: 0.0965
2025/05/11 22:21:54 - mmengine - INFO - Epoch(train)  [9][600/917]  lr: 1.0000e-04  eta: 1:45:57  time: 0.4528  data_time: 0.0062  memory: 11667  loss: 0.1148  loss_cls: 0.0212  loss_bbox: 0.0937
2025/05/11 22:22:16 - mmengine - INFO - Epoch(train)  [9][650/917]  lr: 1.0000e-04  eta: 1:45:34  time: 0.4523  data_time: 0.0059  memory: 11474  loss: 0.1099  loss_cls: 0.0195  loss_bbox: 0.0904
2025/05/11 22:22:23 - mmengine - INFO - Exp name: retinanet_r50_fpn_1x_new_custom_20250511_211934
2025/05/11 22:22:39 - mmengine - INFO - Epoch(train)  [9][700/917]  lr: 1.0000e-04  eta: 1:45:12  time: 0.4526  data_time: 0.0060  memory: 11641  loss: 0.1175  loss_cls: 0.0222  loss_bbox: 0.0953
2025/05/11 22:23:02 - mmengine - INFO - Epoch(train)  [9][750/917]  lr: 1.0000e-04  eta: 1:44:49  time: 0.4524  data_time: 0.0059  memory: 11473  loss: 0.1118  loss_cls: 0.0206  loss_bbox: 0.0912
2025/05/11 22:23:24 - mmengine - INFO - Epoch(train)  [9][800/917]  lr: 1.0000e-04  eta: 1:44:27  time: 0.4524  data_time: 0.0060  memory: 11515  loss: 0.1124  loss_cls: 0.0204  loss_bbox: 0.0920
2025/05/11 22:23:47 - mmengine - INFO - Epoch(train)  [9][850/917]  lr: 1.0000e-04  eta: 1:44:04  time: 0.4525  data_time: 0.0060  memory: 11619  loss: 0.1149  loss_cls: 0.0208  loss_bbox: 0.0940
2025/05/11 22:24:10 - mmengine - INFO - Epoch(train)  [9][900/917]  lr: 1.0000e-04  eta: 1:43:42  time: 0.4524  data_time: 0.0060  memory: 11507  loss: 0.1086  loss_cls: 0.0192  loss_bbox: 0.0894
2025/05/11 22:24:17 - mmengine - INFO - Exp name: retinanet_r50_fpn_1x_new_custom_20250511_211934
2025/05/11 22:24:17 - mmengine - INFO - Saving checkpoint at 9 epochs
2025/05/11 22:24:29 - mmengine - INFO - Epoch(val)  [9][50/75]    eta: 0:00:05  time: 0.2376  data_time: 0.0108  memory: 11473  
2025/05/11 22:24:35 - mmengine - INFO - Evaluating bbox...
2025/05/11 22:24:35 - mmengine - INFO - bbox_mAP_copypaste: 0.747 0.935 0.815 0.415 0.629 0.796
2025/05/11 22:24:35 - mmengine - INFO - Epoch(val) [9][75/75]    coco/bbox_mAP: 0.7470  coco/bbox_mAP_50: 0.9350  coco/bbox_mAP_75: 0.8150  coco/bbox_mAP_s: 0.4150  coco/bbox_mAP_m: 0.6290  coco/bbox_mAP_l: 0.7960  data_time: 0.0087  time: 0.2317
2025/05/11 22:24:58 - mmengine - INFO - Epoch(train) [10][ 50/917]  lr: 1.0000e-04  eta: 1:43:11  time: 0.4549  data_time: 0.0103  memory: 11474  loss: 0.1187  loss_cls: 0.0208  loss_bbox: 0.0980
2025/05/11 22:25:21 - mmengine - INFO - Epoch(train) [10][100/917]  lr: 1.0000e-04  eta: 1:42:49  time: 0.4500  data_time: 0.0051  memory: 11574  loss: 0.1187  loss_cls: 0.0218  loss_bbox: 0.0969
2025/05/11 22:25:43 - mmengine - INFO - Epoch(train) [10][150/917]  lr: 1.0000e-04  eta: 1:42:26  time: 0.4497  data_time: 0.0052  memory: 11500  loss: 0.1136  loss_cls: 0.0219  loss_bbox: 0.0917
2025/05/11 22:26:06 - mmengine - INFO - Epoch(train) [10][200/917]  lr: 1.0000e-04  eta: 1:42:03  time: 0.4505  data_time: 0.0053  memory: 11663  loss: 0.1134  loss_cls: 0.0214  loss_bbox: 0.0920
2025/05/11 22:26:28 - mmengine - INFO - Epoch(train) [10][250/917]  lr: 1.0000e-04  eta: 1:41:40  time: 0.4503  data_time: 0.0054  memory: 11473  loss: 0.1108  loss_cls: 0.0194  loss_bbox: 0.0914
2025/05/11 22:26:51 - mmengine - INFO - Epoch(train) [10][300/917]  lr: 1.0000e-04  eta: 1:41:18  time: 0.4507  data_time: 0.0055  memory: 11476  loss: 0.1214  loss_cls: 0.0224  loss_bbox: 0.0990
2025/05/11 22:27:13 - mmengine - INFO - Epoch(train) [10][350/917]  lr: 1.0000e-04  eta: 1:40:55  time: 0.4510  data_time: 0.0057  memory: 11474  loss: 0.1119  loss_cls: 0.0195  loss_bbox: 0.0923
2025/05/11 22:27:36 - mmengine - INFO - Epoch(train) [10][400/917]  lr: 1.0000e-04  eta: 1:40:32  time: 0.4510  data_time: 0.0056  memory: 11473  loss: 0.1143  loss_cls: 0.0200  loss_bbox: 0.0943
2025/05/11 22:27:58 - mmengine - INFO - Epoch(train) [10][450/917]  lr: 1.0000e-04  eta: 1:40:10  time: 0.4508  data_time: 0.0057  memory: 11474  loss: 0.1019  loss_cls: 0.0173  loss_bbox: 0.0846
2025/05/11 22:28:21 - mmengine - INFO - Epoch(train) [10][500/917]  lr: 1.0000e-04  eta: 1:39:47  time: 0.4511  data_time: 0.0059  memory: 11474  loss: 0.1085  loss_cls: 0.0186  loss_bbox: 0.0899
2025/05/11 22:28:44 - mmengine - INFO - Epoch(train) [10][550/917]  lr: 1.0000e-04  eta: 1:39:24  time: 0.4511  data_time: 0.0058  memory: 11603  loss: 0.1151  loss_cls: 0.0205  loss_bbox: 0.0946
2025/05/11 22:29:06 - mmengine - INFO - Epoch(train) [10][600/917]  lr: 1.0000e-04  eta: 1:39:02  time: 0.4519  data_time: 0.0059  memory: 11666  loss: 0.1123  loss_cls: 0.0201  loss_bbox: 0.0922
2025/05/11 22:29:29 - mmengine - INFO - Epoch(train) [10][650/917]  lr: 1.0000e-04  eta: 1:38:39  time: 0.4511  data_time: 0.0058  memory: 11473  loss: 0.1076  loss_cls: 0.0187  loss_bbox: 0.0889
2025/05/11 22:29:51 - mmengine - INFO - Epoch(train) [10][700/917]  lr: 1.0000e-04  eta: 1:38:17  time: 0.4518  data_time: 0.0059  memory: 11641  loss: 0.1152  loss_cls: 0.0213  loss_bbox: 0.0939
2025/05/11 22:30:13 - mmengine - INFO - Exp name: retinanet_r50_fpn_1x_new_custom_20250511_211934
2025/05/11 22:30:14 - mmengine - INFO - Epoch(train) [10][750/917]  lr: 1.0000e-04  eta: 1:37:54  time: 0.4518  data_time: 0.0060  memory: 11474  loss: 0.1097  loss_cls: 0.0197  loss_bbox: 0.0900
2025/05/11 22:30:36 - mmengine - INFO - Epoch(train) [10][800/917]  lr: 1.0000e-04  eta: 1:37:32  time: 0.4517  data_time: 0.0059  memory: 11513  loss: 0.1106  loss_cls: 0.0198  loss_bbox: 0.0908
2025/05/11 22:30:59 - mmengine - INFO - Epoch(train) [10][850/917]  lr: 1.0000e-04  eta: 1:37:09  time: 0.4516  data_time: 0.0058  memory: 11622  loss: 0.1133  loss_cls: 0.0202  loss_bbox: 0.0930
2025/05/11 22:31:22 - mmengine - INFO - Epoch(train) [10][900/917]  lr: 1.0000e-04  eta: 1:36:46  time: 0.4516  data_time: 0.0060  memory: 11505  loss: 0.1068  loss_cls: 0.0186  loss_bbox: 0.0882
2025/05/11 22:31:29 - mmengine - INFO - Exp name: retinanet_r50_fpn_1x_new_custom_20250511_211934
2025/05/11 22:31:29 - mmengine - INFO - Saving checkpoint at 10 epochs
2025/05/11 22:31:42 - mmengine - INFO - Epoch(val) [10][50/75]    eta: 0:00:05  time: 0.2386  data_time: 0.0109  memory: 11475  
2025/05/11 22:31:47 - mmengine - INFO - Evaluating bbox...
2025/05/11 22:31:48 - mmengine - INFO - bbox_mAP_copypaste: 0.746 0.936 0.811 0.418 0.629 0.794
2025/05/11 22:31:48 - mmengine - INFO - Epoch(val) [10][75/75]    coco/bbox_mAP: 0.7460  coco/bbox_mAP_50: 0.9360  coco/bbox_mAP_75: 0.8110  coco/bbox_mAP_s: 0.4180  coco/bbox_mAP_m: 0.6290  coco/bbox_mAP_l: 0.7940  data_time: 0.0088  time: 0.2319
2025/05/11 22:32:10 - mmengine - INFO - Epoch(train) [11][ 50/917]  lr: 1.0000e-04  eta: 1:36:16  time: 0.4545  data_time: 0.0101  memory: 11475  loss: 0.1165  loss_cls: 0.0199  loss_bbox: 0.0966
2025/05/11 22:32:33 - mmengine - INFO - Epoch(train) [11][100/917]  lr: 1.0000e-04  eta: 1:35:53  time: 0.4490  data_time: 0.0047  memory: 11573  loss: 0.1162  loss_cls: 0.0208  loss_bbox: 0.0954
2025/05/11 22:32:55 - mmengine - INFO - Epoch(train) [11][150/917]  lr: 1.0000e-04  eta: 1:35:30  time: 0.4496  data_time: 0.0049  memory: 11498  loss: 0.1117  loss_cls: 0.0210  loss_bbox: 0.0906
2025/05/11 22:33:18 - mmengine - INFO - Epoch(train) [11][200/917]  lr: 1.0000e-04  eta: 1:35:08  time: 0.4500  data_time: 0.0053  memory: 11663  loss: 0.1113  loss_cls: 0.0205  loss_bbox: 0.0907
2025/05/11 22:33:40 - mmengine - INFO - Epoch(train) [11][250/917]  lr: 1.0000e-04  eta: 1:34:45  time: 0.4500  data_time: 0.0055  memory: 11474  loss: 0.1088  loss_cls: 0.0187  loss_bbox: 0.0902
2025/05/11 22:34:03 - mmengine - INFO - Epoch(train) [11][300/917]  lr: 1.0000e-04  eta: 1:34:22  time: 0.4512  data_time: 0.0058  memory: 11479  loss: 0.1194  loss_cls: 0.0216  loss_bbox: 0.0978
2025/05/11 22:34:25 - mmengine - INFO - Epoch(train) [11][350/917]  lr: 1.0000e-04  eta: 1:34:00  time: 0.4516  data_time: 0.0060  memory: 11473  loss: 0.1099  loss_cls: 0.0188  loss_bbox: 0.0911
2025/05/11 22:34:48 - mmengine - INFO - Epoch(train) [11][400/917]  lr: 1.0000e-04  eta: 1:33:37  time: 0.4510  data_time: 0.0059  memory: 11474  loss: 0.1125  loss_cls: 0.0193  loss_bbox: 0.0931
2025/05/11 22:35:10 - mmengine - INFO - Epoch(train) [11][450/917]  lr: 1.0000e-04  eta: 1:33:15  time: 0.4509  data_time: 0.0059  memory: 11474  loss: 0.1000  loss_cls: 0.0166  loss_bbox: 0.0834
2025/05/11 22:35:33 - mmengine - INFO - Epoch(train) [11][500/917]  lr: 1.0000e-04  eta: 1:32:52  time: 0.4520  data_time: 0.0061  memory: 11473  loss: 0.1066  loss_cls: 0.0180  loss_bbox: 0.0886
2025/05/11 22:35:56 - mmengine - INFO - Epoch(train) [11][550/917]  lr: 1.0000e-04  eta: 1:32:29  time: 0.4519  data_time: 0.0061  memory: 11601  loss: 0.1132  loss_cls: 0.0198  loss_bbox: 0.0934
2025/05/11 22:36:18 - mmengine - INFO - Epoch(train) [11][600/917]  lr: 1.0000e-04  eta: 1:32:07  time: 0.4522  data_time: 0.0062  memory: 11662  loss: 0.1106  loss_cls: 0.0194  loss_bbox: 0.0912
2025/05/11 22:36:41 - mmengine - INFO - Epoch(train) [11][650/917]  lr: 1.0000e-04  eta: 1:31:44  time: 0.4521  data_time: 0.0062  memory: 11473  loss: 0.1061  loss_cls: 0.0182  loss_bbox: 0.0879
2025/05/11 22:37:03 - mmengine - INFO - Epoch(train) [11][700/917]  lr: 1.0000e-04  eta: 1:31:22  time: 0.4519  data_time: 0.0060  memory: 11642  loss: 0.1134  loss_cls: 0.0206  loss_bbox: 0.0928
2025/05/11 22:37:26 - mmengine - INFO - Epoch(train) [11][750/917]  lr: 1.0000e-04  eta: 1:30:59  time: 0.4518  data_time: 0.0061  memory: 11474  loss: 0.1081  loss_cls: 0.0191  loss_bbox: 0.0890
2025/05/11 22:37:49 - mmengine - INFO - Epoch(train) [11][800/917]  lr: 1.0000e-04  eta: 1:30:37  time: 0.4516  data_time: 0.0060  memory: 11515  loss: 0.1092  loss_cls: 0.0193  loss_bbox: 0.0899
2025/05/11 22:38:02 - mmengine - INFO - Exp name: retinanet_r50_fpn_1x_new_custom_20250511_211934
2025/05/11 22:38:11 - mmengine - INFO - Epoch(train) [11][850/917]  lr: 1.0000e-04  eta: 1:30:14  time: 0.4517  data_time: 0.0061  memory: 11621  loss: 0.1119  loss_cls: 0.0197  loss_bbox: 0.0921
2025/05/11 22:38:34 - mmengine - INFO - Epoch(train) [11][900/917]  lr: 1.0000e-04  eta: 1:29:51  time: 0.4518  data_time: 0.0060  memory: 11503  loss: 0.1053  loss_cls: 0.0181  loss_bbox: 0.0873
2025/05/11 22:38:41 - mmengine - INFO - Exp name: retinanet_r50_fpn_1x_new_custom_20250511_211934
2025/05/11 22:38:41 - mmengine - INFO - Saving checkpoint at 11 epochs
2025/05/11 22:38:54 - mmengine - INFO - Epoch(val) [11][50/75]    eta: 0:00:05  time: 0.2385  data_time: 0.0111  memory: 11472  
2025/05/11 22:38:59 - mmengine - INFO - Evaluating bbox...
2025/05/11 22:39:00 - mmengine - INFO - bbox_mAP_copypaste: 0.746 0.936 0.815 0.419 0.630 0.794
2025/05/11 22:39:00 - mmengine - INFO - Epoch(val) [11][75/75]    coco/bbox_mAP: 0.7460  coco/bbox_mAP_50: 0.9360  coco/bbox_mAP_75: 0.8150  coco/bbox_mAP_s: 0.4190  coco/bbox_mAP_m: 0.6300  coco/bbox_mAP_l: 0.7940  data_time: 0.0088  time: 0.2314
2025/05/11 22:39:22 - mmengine - INFO - Epoch(train) [12][ 50/917]  lr: 1.0000e-05  eta: 1:29:21  time: 0.4542  data_time: 0.0103  memory: 11474  loss: 0.1148  loss_cls: 0.0194  loss_bbox: 0.0954
2025/05/11 22:39:45 - mmengine - INFO - Epoch(train) [12][100/917]  lr: 1.0000e-05  eta: 1:28:58  time: 0.4487  data_time: 0.0048  memory: 11572  loss: 0.1144  loss_cls: 0.0203  loss_bbox: 0.0941
2025/05/11 22:40:07 - mmengine - INFO - Epoch(train) [12][150/917]  lr: 1.0000e-05  eta: 1:28:36  time: 0.4488  data_time: 0.0048  memory: 11499  loss: 0.1106  loss_cls: 0.0204  loss_bbox: 0.0901
2025/05/11 22:40:30 - mmengine - INFO - Epoch(train) [12][200/917]  lr: 1.0000e-05  eta: 1:28:13  time: 0.4492  data_time: 0.0049  memory: 11665  loss: 0.1102  loss_cls: 0.0200  loss_bbox: 0.0902
2025/05/11 22:40:52 - mmengine - INFO - Epoch(train) [12][250/917]  lr: 1.0000e-05  eta: 1:27:50  time: 0.4496  data_time: 0.0052  memory: 11473  loss: 0.1082  loss_cls: 0.0185  loss_bbox: 0.0897
2025/05/11 22:41:15 - mmengine - INFO - Epoch(train) [12][300/917]  lr: 1.0000e-05  eta: 1:27:27  time: 0.4504  data_time: 0.0056  memory: 11480  loss: 0.1181  loss_cls: 0.0213  loss_bbox: 0.0968
2025/05/11 22:41:37 - mmengine - INFO - Epoch(train) [12][350/917]  lr: 1.0000e-05  eta: 1:27:05  time: 0.4509  data_time: 0.0057  memory: 11473  loss: 0.1089  loss_cls: 0.0185  loss_bbox: 0.0904
2025/05/11 22:42:00 - mmengine - INFO - Epoch(train) [12][400/917]  lr: 1.0000e-05  eta: 1:26:42  time: 0.4508  data_time: 0.0057  memory: 11473  loss: 0.1115  loss_cls: 0.0190  loss_bbox: 0.0925
2025/05/11 22:42:22 - mmengine - INFO - Epoch(train) [12][450/917]  lr: 1.0000e-05  eta: 1:26:20  time: 0.4506  data_time: 0.0057  memory: 11474  loss: 0.0988  loss_cls: 0.0162  loss_bbox: 0.0826
2025/05/11 22:42:45 - mmengine - INFO - Epoch(train) [12][500/917]  lr: 1.0000e-05  eta: 1:25:57  time: 0.4512  data_time: 0.0058  memory: 11474  loss: 0.1057  loss_cls: 0.0178  loss_bbox: 0.0879
2025/05/11 22:43:08 - mmengine - INFO - Epoch(train) [12][550/917]  lr: 1.0000e-05  eta: 1:25:34  time: 0.4513  data_time: 0.0060  memory: 11600  loss: 0.1118  loss_cls: 0.0192  loss_bbox: 0.0927
2025/05/11 22:43:30 - mmengine - INFO - Epoch(train) [12][600/917]  lr: 1.0000e-05  eta: 1:25:12  time: 0.4516  data_time: 0.0060  memory: 11664  loss: 0.1094  loss_cls: 0.0190  loss_bbox: 0.0903
2025/05/11 22:43:53 - mmengine - INFO - Epoch(train) [12][650/917]  lr: 1.0000e-05  eta: 1:24:49  time: 0.4512  data_time: 0.0058  memory: 11474  loss: 0.1047  loss_cls: 0.0177  loss_bbox: 0.0871
2025/05/11 22:44:15 - mmengine - INFO - Epoch(train) [12][700/917]  lr: 1.0000e-05  eta: 1:24:27  time: 0.4514  data_time: 0.0059  memory: 11642  loss: 0.1110  loss_cls: 0.0197  loss_bbox: 0.0913
2025/05/11 22:44:38 - mmengine - INFO - Epoch(train) [12][750/917]  lr: 1.0000e-05  eta: 1:24:04  time: 0.4514  data_time: 0.0060  memory: 11474  loss: 0.1059  loss_cls: 0.0183  loss_bbox: 0.0876
2025/05/11 22:45:00 - mmengine - INFO - Epoch(train) [12][800/917]  lr: 1.0000e-05  eta: 1:23:41  time: 0.4513  data_time: 0.0061  memory: 11516  loss: 0.1072  loss_cls: 0.0184  loss_bbox: 0.0888
2025/05/11 22:45:23 - mmengine - INFO - Epoch(train) [12][850/917]  lr: 1.0000e-05  eta: 1:23:19  time: 0.4513  data_time: 0.0059  memory: 11621  loss: 0.1100  loss_cls: 0.0190  loss_bbox: 0.0910
2025/05/11 22:45:45 - mmengine - INFO - Epoch(train) [12][900/917]  lr: 1.0000e-05  eta: 1:22:56  time: 0.4511  data_time: 0.0058  memory: 11504  loss: 0.1026  loss_cls: 0.0172  loss_bbox: 0.0855
2025/05/11 22:45:51 - mmengine - INFO - Exp name: retinanet_r50_fpn_1x_new_custom_20250511_211934
2025/05/11 22:45:53 - mmengine - INFO - Exp name: retinanet_r50_fpn_1x_new_custom_20250511_211934
2025/05/11 22:45:53 - mmengine - INFO - Saving checkpoint at 12 epochs
2025/05/11 22:46:05 - mmengine - INFO - Epoch(val) [12][50/75]    eta: 0:00:05  time: 0.2375  data_time: 0.0102  memory: 11473  
2025/05/11 22:46:11 - mmengine - INFO - Evaluating bbox...
2025/05/11 22:46:11 - mmengine - INFO - bbox_mAP_copypaste: 0.744 0.931 0.809 0.415 0.628 0.792
2025/05/11 22:46:11 - mmengine - INFO - Epoch(val) [12][75/75]    coco/bbox_mAP: 0.7440  coco/bbox_mAP_50: 0.9310  coco/bbox_mAP_75: 0.8090  coco/bbox_mAP_s: 0.4150  coco/bbox_mAP_m: 0.6280  coco/bbox_mAP_l: 0.7920  data_time: 0.0082  time: 0.2308
2025/05/11 22:46:11 - mmengine - INFO - the monitored metric did not improve in the last 3 records. best score: 0.747. 
