2025/05/26 11:48:32 - mmengine - INFO - 
------------------------------------------------------------
System environment:
    sys.platform: linux
    Python: 3.11.11 (main, Dec 11 2024, 16:28:39) [GCC 11.2.0]
    CUDA available: True
    MUSA available: False
    numpy_random_seed: 1285774932
    GPU 0: NVIDIA GeForce RTX 4090
    CUDA_HOME: /usr
    NVCC: Cuda compilation tools, release 12.0, V12.0.140
    GCC: gcc (Ubuntu 13.3.0-6ubuntu2~24.04) 13.3.0
    PyTorch: 2.4.1+cu121
    PyTorch compiling details: PyTorch built with:
  - GCC 9.3
  - C++ Version: 201703
  - Intel(R) oneAPI Math Kernel Library Version 2022.2-Product Build 20220804 for Intel(R) 64 architecture applications
  - Intel(R) MKL-DNN v3.4.2 (Git Hash 1137e04ec0b5251ca2b4400a4fd3c667ce843d67)
  - OpenMP 201511 (a.k.a. OpenMP 4.5)
  - LAPACK is enabled (usually provided by MKL)
  - NNPACK is enabled
  - CPU capability usage: AVX512
  - CUDA Runtime 12.1
  - NVCC architecture flags: -gencode;arch=compute_50,code=sm_50;-gencode;arch=compute_60,code=sm_60;-gencode;arch=compute_70,code=sm_70;-gencode;arch=compute_75,code=sm_75;-gencode;arch=compute_80,code=sm_80;-gencode;arch=compute_86,code=sm_86;-gencode;arch=compute_90,code=sm_90
  - CuDNN 90.1  (built against CUDA 12.4)
  - Magma 2.6.1
  - Build settings: BLAS_INFO=mkl, BUILD_TYPE=Release, CUDA_VERSION=12.1, CUDNN_VERSION=9.1.0, CXX_COMPILER=/opt/rh/devtoolset-9/root/usr/bin/c++, CXX_FLAGS= -D_GLIBCXX_USE_CXX11_ABI=0 -fabi-version=11 -fvisibility-inlines-hidden -DUSE_PTHREADPOOL -DNDEBUG -DUSE_KINETO -DLIBKINETO_NOROCTRACER -DUSE_FBGEMM -DUSE_PYTORCH_QNNPACK -DUSE_XNNPACK -DSYMBOLICATE_MOBILE_DEBUG_HANDLE -O2 -fPIC -Wall -Wextra -Werror=return-type -Werror=non-virtual-dtor -Werror=bool-operation -Wnarrowing -Wno-missing-field-initializers -Wno-type-limits -Wno-array-bounds -Wno-unknown-pragmas -Wno-unused-parameter -Wno-unused-function -Wno-unused-result -Wno-strict-overflow -Wno-strict-aliasing -Wno-stringop-overflow -Wsuggest-override -Wno-psabi -Wno-error=pedantic -Wno-error=old-style-cast -Wno-missing-braces -fdiagnostics-color=always -faligned-new -Wno-unused-but-set-variable -Wno-maybe-uninitialized -fno-math-errno -fno-trapping-math -Werror=format -Wno-stringop-overflow, LAPACK_INFO=mkl, PERF_WITH_AVX=1, PERF_WITH_AVX2=1, PERF_WITH_AVX512=1, TORCH_VERSION=2.4.1, USE_CUDA=ON, USE_CUDNN=ON, USE_CUSPARSELT=1, USE_EXCEPTION_PTR=1, USE_GFLAGS=OFF, USE_GLOG=OFF, USE_GLOO=ON, USE_MKL=ON, USE_MKLDNN=ON, USE_MPI=OFF, USE_NCCL=1, USE_NNPACK=ON, USE_OPENMP=ON, USE_ROCM=OFF, USE_ROCM_KERNEL_ASSERT=OFF, 

    TorchVision: 0.19.1+cu121
    OpenCV: 4.11.0
    MMEngine: 0.10.7

Runtime environment:
    cudnn_benchmark: False
    dist_cfg: {'backend': 'nccl'}
    mp_cfg: {'mp_start_method': 'fork', 'opencv_num_threads': 0}
    seed: 1285774932
    Distributed launcher: none
    Distributed training: False
    GPU number: 1
------------------------------------------------------------

2025/05/26 11:48:33 - mmengine - INFO - Config:
HOME = '/home/jaa/Work/Prog/BSU/Detectors'
MODEL_GROUP = '1stage'
MODEL_TYPE = 'RetinaNet'
WEIGHT_SIZE = 'r50'
additions = 'SGD'
auto_scale_lr = dict(base_batch_size=10, enable=False)
backend_args = None
batch_size = 10
checkpoint_config = dict(interval=1)
data_root = '/home/jaa/Work/Prog/BSU/Detectors/mmdetection/data/Padded_GroundingDINO.v1i.yolov5pytorch/'
dataset_type = 'CocoDataset'
default_hooks = dict(
    checkpoint=dict(interval=1, type='CheckpointHook'),
    early_stopping=dict(
        min_delta=0.001,
        monitor='coco/bbox_mAP',
        patience=3,
        type='EarlyStoppingHook'),
    logger=dict(interval=50, log_metric_by_epoch=True, type='LoggerHook'),
    param_scheduler=dict(type='ParamSchedulerHook'),
    sampler_seed=dict(type='DistSamplerSeedHook'),
    timer=dict(type='IterTimerHook'),
    visualization=dict(type='DetVisualizationHook'))
default_scope = 'mmdet'
deterministic = True
env_cfg = dict(
    cudnn_benchmark=False,
    dist_cfg=dict(backend='nccl'),
    mp_cfg=dict(mp_start_method='fork', opencv_num_threads=0))
evaluation = dict(interval=1, metric='bbox')
experiment = 'RetinaNet_r50_24e_SGD_custom'
img_norm_cfg = dict(
    mean=[
        123.675,
        116.28,
        103.53,
    ],
    std=[
        58.395,
        57.12,
        57.375,
    ],
    to_rgb=True)
launcher = 'none'
load_from = '/home/jaa/Work/Prog/BSU/Detectors/work_dirs/RetinaNet/RetinaNet_r50_24e_SGD_custom/best_epoch_10.pth'
log_level = 'INFO'
log_processor = dict(by_epoch=True, type='LogProcessor', window_size=50)
metainfo = dict(
    classes=('cow', ), palette=[
        (
            220,
            20,
            60,
        ),
    ])
model = dict(
    backbone=dict(
        depth=50,
        frozen_stages=2,
        init_cfg=dict(checkpoint='torchvision://resnet50', type='Pretrained'),
        norm_cfg=dict(requires_grad=True, type='BN'),
        norm_eval=True,
        num_stages=4,
        out_indices=(
            0,
            1,
            2,
            3,
        ),
        style='pytorch',
        type='ResNet'),
    bbox_head=dict(
        anchor_generator=dict(
            octave_base_scale=4,
            ratios=[
                0.5,
                1.0,
                2.0,
            ],
            scales_per_octave=3,
            strides=[
                8,
                16,
                32,
                64,
                128,
            ],
            type='AnchorGenerator'),
        bbox_coder=dict(
            target_means=[
                0.0,
                0.0,
                0.0,
                0.0,
            ],
            target_stds=[
                1.0,
                1.0,
                1.0,
                1.0,
            ],
            type='DeltaXYWHBBoxCoder'),
        feat_channels=256,
        in_channels=256,
        loss_bbox=dict(loss_weight=1.0, type='L1Loss'),
        loss_cls=dict(
            alpha=0.25,
            gamma=2.0,
            loss_weight=1.0,
            type='FocalLoss',
            use_sigmoid=True),
        num_classes=1,
        stacked_convs=4,
        type='RetinaHead'),
    data_preprocessor=dict(
        bgr_to_rgb=True,
        mean=[
            123.675,
            116.28,
            103.53,
        ],
        pad_size_divisor=32,
        std=[
            58.395,
            57.12,
            57.375,
        ],
        type='DetDataPreprocessor'),
    neck=dict(
        add_extra_convs='on_input',
        in_channels=[
            256,
            512,
            1024,
            2048,
        ],
        num_outs=5,
        out_channels=256,
        start_level=1,
        type='FPN'),
    test_cfg=dict(
        max_per_img=100,
        min_bbox_size=0,
        nms=dict(iou_threshold=0.5, type='nms'),
        nms_pre=1000,
        score_thr=0.05),
    train_cfg=dict(
        allowed_border=-1,
        assigner=dict(
            ignore_iof_thr=-1,
            min_pos_iou=0,
            neg_iou_thr=0.4,
            pos_iou_thr=0.5,
            type='MaxIoUAssigner'),
        debug=False,
        pos_weight=-1,
        sampler=dict(type='PseudoSampler')),
    type='RetinaNet')
num_classes = 1
num_epochs = 24
num_workers = 6
optim_wrapper = dict(
    optimizer=dict(lr=0.001, momentum=0.9, type='SGD', weight_decay=0.0001))
param_scheduler = [
    dict(
        begin=0, by_epoch=False, end=500, start_factor=0.0001,
        type='LinearLR'),
    dict(
        begin=0,
        by_epoch=True,
        end=24,
        gamma=0.1,
        milestones=[
            8,
            11,
        ],
        type='MultiStepLR'),
]
resume = False
seed = 66
test_cfg = dict(type='TestLoop')
test_dataloader = dict(
    batch_size=10,
    dataset=dict(
        ann_file=
        '/home/jaa/Work/Prog/BSU/Detectors/mmdetection/data/Padded_GroundingDINO.v1i.yolov5pytorch/test_coco.json',
        data_prefix=dict(
            img=
            '/home/jaa/Work/Prog/BSU/Detectors/mmdetection/data/Padded_GroundingDINO.v1i.yolov5pytorch/test/images'
        ),
        data_root=
        '/home/jaa/Work/Prog/BSU/Detectors/mmdetection/data/Padded_GroundingDINO.v1i.yolov5pytorch/',
        pipeline=[
            dict(backend_args=None, type='LoadImageFromFile'),
            dict(type='LoadAnnotations', with_bbox=True),
            dict(
                keep_empty=False,
                min_gt_bbox_wh=(
                    16,
                    16,
                ),
                type='FilterAnnotations'),
            dict(keep_ratio=True, scale=(
                1280,
                1280,
            ), type='Resize'),
            dict(
                meta_keys=(
                    'img_id',
                    'img_path',
                    'ori_shape',
                    'img_shape',
                    'scale_factor',
                ),
                type='PackDetInputs'),
        ],
        test_mode=True,
        type='CocoDataset'),
    drop_last=False,
    num_workers=6,
    persistent_workers=True,
    sampler=dict(shuffle=False, type='DefaultSampler'))
test_evaluator = dict(
    ann_file=
    '/home/jaa/Work/Prog/BSU/Detectors/mmdetection/data/Padded_GroundingDINO.v1i.yolov5pytorch/test_coco.json',
    format_only=True,
    metric='bbox',
    outfile_prefix=
    '/home/jaa/Work/Prog/BSU/Detectors/mmdetection/data/Padded_GroundingDINO.v1i.yolov5pytorch/test/images',
    type='CocoMetric')
test_pipeline = [
    dict(backend_args=None, type='LoadImageFromFile'),
    dict(type='LoadAnnotations', with_bbox=True),
    dict(
        keep_empty=False, min_gt_bbox_wh=(
            16,
            16,
        ), type='FilterAnnotations'),
    dict(keep_ratio=True, scale=(
        1280,
        1280,
    ), type='Resize'),
    dict(
        meta_keys=(
            'img_id',
            'img_path',
            'ori_shape',
            'img_shape',
            'scale_factor',
        ),
        type='PackDetInputs'),
]
train_cfg = dict(max_epochs=24, type='EpochBasedTrainLoop', val_interval=1)
train_dataloader = dict(
    batch_size=10,
    dataset=dict(
        ann_file=
        '/home/jaa/Work/Prog/BSU/Detectors/mmdetection/data/Padded_GroundingDINO.v1i.yolov5pytorch/train_coco.json',
        data_prefix=dict(
            img=
            '/home/jaa/Work/Prog/BSU/Detectors/mmdetection/data/Padded_GroundingDINO.v1i.yolov5pytorch/train/images'
        ),
        data_root=
        '/home/jaa/Work/Prog/BSU/Detectors/mmdetection/data/Padded_GroundingDINO.v1i.yolov5pytorch/',
        metainfo=dict(classes=('cow', ), palette=[
            (
                220,
                20,
                60,
            ),
        ]),
        pipeline=[
            dict(backend_args=None, type='LoadImageFromFile'),
            dict(type='LoadAnnotations', with_bbox=True),
            dict(prob=0.5, type='RandomFlip'),
            dict(level=2, prob=0.3, type='Rotate'),
            dict(
                keep_empty=False,
                min_gt_bbox_wh=(
                    16,
                    16,
                ),
                type='FilterAnnotations'),
            dict(keep_ratio=True, scale=(
                1280,
                1280,
            ), type='Resize'),
            dict(type='PackDetInputs'),
        ],
        type='CocoDataset'),
    num_workers=6)
train_pipeline = [
    dict(backend_args=None, type='LoadImageFromFile'),
    dict(type='LoadAnnotations', with_bbox=True),
    dict(prob=0.5, type='RandomFlip'),
    dict(level=2, prob=0.3, type='Rotate'),
    dict(
        keep_empty=False, min_gt_bbox_wh=(
            16,
            16,
        ), type='FilterAnnotations'),
    dict(keep_ratio=True, scale=(
        1280,
        1280,
    ), type='Resize'),
    dict(type='PackDetInputs'),
]
val_cfg = dict(type='ValLoop')
val_dataloader = dict(
    batch_size=10,
    dataset=dict(
        ann_file=
        '/home/jaa/Work/Prog/BSU/Detectors/mmdetection/data/Padded_GroundingDINO.v1i.yolov5pytorch/valid_coco.json',
        data_prefix=dict(
            img=
            '/home/jaa/Work/Prog/BSU/Detectors/mmdetection/data/Padded_GroundingDINO.v1i.yolov5pytorch/valid/images'
        ),
        data_root=
        '/home/jaa/Work/Prog/BSU/Detectors/mmdetection/data/Padded_GroundingDINO.v1i.yolov5pytorch/',
        metainfo=dict(classes=('cow', ), palette=[
            (
                220,
                20,
                60,
            ),
        ]),
        pipeline=[
            dict(backend_args=None, type='LoadImageFromFile'),
            dict(type='LoadAnnotations', with_bbox=True),
            dict(
                keep_empty=False,
                min_gt_bbox_wh=(
                    16,
                    16,
                ),
                type='FilterAnnotations'),
            dict(keep_ratio=True, scale=(
                1280,
                1280,
            ), type='Resize'),
            dict(
                meta_keys=(
                    'img_id',
                    'img_path',
                    'ori_shape',
                    'img_shape',
                    'scale_factor',
                ),
                type='PackDetInputs'),
        ],
        test_mode=True,
        type='CocoDataset'),
    num_workers=6)
val_evaluator = dict(
    ann_file=
    '/home/jaa/Work/Prog/BSU/Detectors/mmdetection/data/Padded_GroundingDINO.v1i.yolov5pytorch//valid_coco.json',
    format_only=False,
    metric='bbox',
    type='CocoMetric')
vis_backends = [
    dict(
        init_kwargs=dict(
            group='1stage',
            name='RetinaNet_r50_24e_10b_SGD',
            project='Сomparison of detectors'),
        type='WandbVisBackend'),
]
visualizer = dict(
    name='visualizer',
    type='Visualizer',
    vis_backends=[
        dict(
            init_kwargs=dict(
                group='1stage',
                name='RetinaNet_r50_24e_10b_SGD',
                project='Сomparison of detectors'),
            type='WandbVisBackend'),
    ])
weights = 'retinanet_r50_fpn_mstrain_3x_coco_20210718_220633-88476508.pth'
work_dir = '/home/jaa/Work/Prog/BSU/Detectors/work_dirs/RetinaNet/RetinaNet_r50_24e_SGD_custom/'

2025/05/26 11:48:39 - mmengine - INFO - Distributed training is not used, all SyncBatchNorm (SyncBN) layers in the model will be automatically reverted to BatchNormXd layers if they are used.
2025/05/26 11:48:39 - mmengine - INFO - Hooks will be executed in the following order:
before_run:
(VERY_HIGH   ) RuntimeInfoHook                    
(BELOW_NORMAL) LoggerHook                         
(LOWEST      ) EarlyStoppingHook                  
 -------------------- 
before_train:
(VERY_HIGH   ) RuntimeInfoHook                    
(NORMAL      ) IterTimerHook                      
(VERY_LOW    ) CheckpointHook                     
 -------------------- 
before_train_epoch:
(VERY_HIGH   ) RuntimeInfoHook                    
(NORMAL      ) IterTimerHook                      
(NORMAL      ) DistSamplerSeedHook                
 -------------------- 
before_train_iter:
(VERY_HIGH   ) RuntimeInfoHook                    
(NORMAL      ) IterTimerHook                      
 -------------------- 
after_train_iter:
(VERY_HIGH   ) RuntimeInfoHook                    
(NORMAL      ) IterTimerHook                      
(BELOW_NORMAL) LoggerHook                         
(LOW         ) ParamSchedulerHook                 
(VERY_LOW    ) CheckpointHook                     
 -------------------- 
after_train_epoch:
(NORMAL      ) IterTimerHook                      
(LOW         ) ParamSchedulerHook                 
(VERY_LOW    ) CheckpointHook                     
 -------------------- 
before_val:
(VERY_HIGH   ) RuntimeInfoHook                    
 -------------------- 
before_val_epoch:
(NORMAL      ) IterTimerHook                      
 -------------------- 
before_val_iter:
(NORMAL      ) IterTimerHook                      
 -------------------- 
after_val_iter:
(NORMAL      ) IterTimerHook                      
(NORMAL      ) DetVisualizationHook               
(BELOW_NORMAL) LoggerHook                         
 -------------------- 
after_val_epoch:
(VERY_HIGH   ) RuntimeInfoHook                    
(NORMAL      ) IterTimerHook                      
(BELOW_NORMAL) LoggerHook                         
(LOW         ) ParamSchedulerHook                 
(VERY_LOW    ) CheckpointHook                     
(LOWEST      ) EarlyStoppingHook                  
 -------------------- 
after_val:
(VERY_HIGH   ) RuntimeInfoHook                    
 -------------------- 
after_train:
(VERY_HIGH   ) RuntimeInfoHook                    
(VERY_LOW    ) CheckpointHook                     
 -------------------- 
before_test:
(VERY_HIGH   ) RuntimeInfoHook                    
 -------------------- 
before_test_epoch:
(NORMAL      ) IterTimerHook                      
 -------------------- 
before_test_iter:
(NORMAL      ) IterTimerHook                      
 -------------------- 
after_test_iter:
(NORMAL      ) IterTimerHook                      
(NORMAL      ) DetVisualizationHook               
(BELOW_NORMAL) LoggerHook                         
 -------------------- 
after_test_epoch:
(VERY_HIGH   ) RuntimeInfoHook                    
(NORMAL      ) IterTimerHook                      
(BELOW_NORMAL) LoggerHook                         
 -------------------- 
after_test:
(VERY_HIGH   ) RuntimeInfoHook                    
 -------------------- 
after_run:
(BELOW_NORMAL) LoggerHook                         
 -------------------- 
2025/05/26 11:48:41 - mmengine - INFO - Load checkpoint from /home/jaa/Work/Prog/BSU/Detectors/work_dirs/RetinaNet/RetinaNet_r50_24e_SGD_custom/best_epoch_10.pth
2025/05/26 11:48:53 - mmengine - INFO - Epoch(test) [50/57]    eta: 0:00:01  time: 0.2458  data_time: 0.0115  memory: 3579  
2025/05/26 11:48:55 - mmengine - INFO - results are saved in /home/jaa/Work/Prog/BSU/Detectors/mmdetection/data/Padded_GroundingDINO.v1i.yolov5pytorch/test
2025/05/26 11:48:55 - mmengine - INFO - Epoch(test) [57/57]    data_time: 0.0109  time: 0.2444
